c:\users\katar\onedrive\documents\visual studio 2017\projects\graphicstutorialswithben\bengine2\debug\bengine2.pdb
c:\users\katar\onedrive\documents\visual studio 2017\projects\graphicstutorialswithben\bengine2\debug\bengine2.idb
c:\users\katar\onedrive\documents\visual studio 2017\projects\graphicstutorialswithben\bengine2\debug\window.obj
c:\users\katar\onedrive\documents\visual studio 2017\projects\graphicstutorialswithben\bengine2\debug\timing.obj
c:\users\katar\onedrive\documents\visual studio 2017\projects\graphicstutorialswithben\bengine2\debug\texturecache.obj
c:\users\katar\onedrive\documents\visual studio 2017\projects\graphicstutorialswithben\bengine2\debug\spritebatch.obj
c:\users\katar\onedrive\documents\visual studio 2017\projects\graphicstutorialswithben\bengine2\debug\sprite.obj
c:\users\katar\onedrive\documents\visual studio 2017\projects\graphicstutorialswithben\bengine2\debug\resourcemanager.obj
c:\users\katar\onedrive\documents\visual studio 2017\projects\graphicstutorialswithben\bengine2\debug\picopng.obj
c:\users\katar\onedrive\documents\visual studio 2017\projects\graphicstutorialswithben\bengine2\debug\iomanager.obj
c:\users\katar\onedrive\documents\visual studio 2017\projects\graphicstutorialswithben\bengine2\debug\inputmanager.obj
c:\users\katar\onedrive\documents\visual studio 2017\projects\graphicstutorialswithben\bengine2\debug\imageloader.obj
c:\users\katar\onedrive\documents\visual studio 2017\projects\graphicstutorialswithben\bengine2\debug\glslprogram.obj
c:\users\katar\onedrive\documents\visual studio 2017\projects\graphicstutorialswithben\bengine2\debug\errors.obj
c:\users\katar\onedrive\documents\visual studio 2017\projects\graphicstutorialswithben\bengine2\debug\camera2d.obj
c:\users\katar\onedrive\documents\visual studio 2017\projects\graphicstutorialswithben\bengine2\debug\bengine2.obj
c:\users\katar\onedrive\documents\visual studio 2017\projects\graphicstutorialswithben\debug\bengine2.lib
c:\users\katar\onedrive\documents\visual studio 2017\projects\graphicstutorialswithben\debug\bengine2.pdb
c:\users\katar\onedrive\documents\visual studio 2017\projects\graphicstutorialswithben\bengine2\debug\bengine2.tlog\cl.command.1.tlog
c:\users\katar\onedrive\documents\visual studio 2017\projects\graphicstutorialswithben\bengine2\debug\bengine2.tlog\cl.read.1.tlog
c:\users\katar\onedrive\documents\visual studio 2017\projects\graphicstutorialswithben\bengine2\debug\bengine2.tlog\cl.write.1.tlog
c:\users\katar\onedrive\documents\visual studio 2017\projects\graphicstutorialswithben\bengine2\debug\bengine2.tlog\lib-link.read.1.tlog
c:\users\katar\onedrive\documents\visual studio 2017\projects\graphicstutorialswithben\bengine2\debug\bengine2.tlog\lib-link.write.1.tlog
c:\users\katar\onedrive\documents\visual studio 2017\projects\graphicstutorialswithben\bengine2\debug\bengine2.tlog\lib.command.1.tlog
