06/06/2021 20:07:08 (Std) 	+-+-+-+-+-+-+-+-+-+-+-+-+-+-+-+-+-+-+-+-+-+-+-+-+-+-+-+-+-+-+-+-+-+-+-+-+-+-+-+
06/06/2021 20:07:08 (Std) 	+                     Crazy Eddie's GUI System - Event log                    +
06/06/2021 20:07:08 (Std) 	+                          (http://www.cegui.org.uk/)                         +
06/06/2021 20:07:08 (Std) 	+-+-+-+-+-+-+-+-+-+-+-+-+-+-+-+-+-+-+-+-+-+-+-+-+-+-+-+-+-+-+-+-+-+-+-+-+-+-+-+

06/06/2021 20:07:08 (Std) 	CEGUI::Logger singleton created. (09123348)
06/06/2021 20:07:08 (Std) 	
06/06/2021 20:07:08 (Std) 	********************************************************************************
06/06/2021 20:07:08 (Std) 	* Important:                                                                   *
06/06/2021 20:07:08 (Std) 	*     To get support at the CEGUI forums, you must post _at least_ the section *
06/06/2021 20:07:08 (Std) 	*     of this log file indicated below.  Failure to do this will result in no  *
06/06/2021 20:07:08 (Std) 	*     support being given; please do not waste our time.                       *
06/06/2021 20:07:08 (Std) 	********************************************************************************
06/06/2021 20:07:08 (Std) 	********************************************************************************
06/06/2021 20:07:08 (Std) 	* -------- START OF ESSENTIAL SECTION TO BE POSTED ON THE FORUM       -------- *
06/06/2021 20:07:08 (Std) 	********************************************************************************
06/06/2021 20:07:08 (Std) 	---- Version: 0.8.4 (Build: Oct 26 2020 Debug Microsoft Windows MSVC++ Great Scott! 32 bit) ----
06/06/2021 20:07:08 (Std) 	---- Renderer module is: CEGUI::OpenGL3Renderer - Official OpenGL 3.2 core based renderer module.  TextureTarget support enabled via FBO OGL 3.2 core implementation. ----
06/06/2021 20:07:08 (Std) 	---- XML Parser module is: CEGUI::ExpatParser - Official expat based parser module for CEGUI ----
06/06/2021 20:07:08 (Std) 	---- Image Codec module is: SILLYImageCodec - Official SILLY based image codec ----
06/06/2021 20:07:08 (Std) 	---- Scripting module is: None ----
06/06/2021 20:07:08 (Std) 	********************************************************************************
06/06/2021 20:07:08 (Std) 	* -------- END OF ESSENTIAL SECTION TO BE POSTED ON THE FORUM         -------- *
06/06/2021 20:07:08 (Std) 	********************************************************************************
06/06/2021 20:07:08 (Std) 	
06/06/2021 20:07:08 (Std) 	---- Begining CEGUI System initialisation ----
06/06/2021 20:07:08 (Std) 	[CEGUI::ImageManager] Singleton created (01319598)
06/06/2021 20:07:08 (Std) 	[CEGUI::ImageManager] Registered Image type: BasicImage
06/06/2021 20:07:08 (Std) 	CEGUI::FontManager singleton created. (041EDEC8)
06/06/2021 20:07:08 (Std) 	CEGUI::WindowFactoryManager singleton created
06/06/2021 20:07:08 (Std) 	CEGUI::WindowManager singleton created (0132F7D8)
06/06/2021 20:07:08 (Std) 	CEGUI::SchemeManager singleton created. (041EDB28)
06/06/2021 20:07:08 (Std) 	CEGUI::GlobalEventSet singleton created. (0461E8C0)
06/06/2021 20:07:08 (Std) 	CEGUI::AnimationManager singleton created (013312E8)
06/06/2021 20:07:08 (Std) 	CEGUI::WidgetLookManager singleton created. (041FBE68)
06/06/2021 20:07:08 (Std) 	CEGUI::WindowRendererManager singleton created (041FBF28)
06/06/2021 20:07:08 (Std) 	CEGUI::RenderEffectManager singleton created (0461EB00)
06/06/2021 20:07:09 (Std) 	Created WindowFactory for 'DefaultWindow' windows.
06/06/2021 20:07:09 (Std) 	WindowFactory for 'DefaultWindow' windows added. (0910B978)
06/06/2021 20:07:09 (Std) 	Created WindowFactory for 'DragContainer' windows.
06/06/2021 20:07:09 (Std) 	WindowFactory for 'DragContainer' windows added. (0910B1A8)
06/06/2021 20:07:09 (Std) 	Created WindowFactory for 'ScrolledContainer' windows.
06/06/2021 20:07:09 (Std) 	WindowFactory for 'ScrolledContainer' windows added. (0910B338)
06/06/2021 20:07:09 (Std) 	Created WindowFactory for 'ClippedContainer' windows.
06/06/2021 20:07:09 (Std) 	WindowFactory for 'ClippedContainer' windows added. (0910BEF0)
06/06/2021 20:07:09 (Std) 	Created WindowFactory for 'CEGUI/PushButton' windows.
06/06/2021 20:07:09 (Std) 	WindowFactory for 'CEGUI/PushButton' windows added. (0910BBD0)
06/06/2021 20:07:09 (Std) 	Created WindowFactory for 'CEGUI/RadioButton' windows.
06/06/2021 20:07:09 (Std) 	WindowFactory for 'CEGUI/RadioButton' windows added. (0910AF50)
06/06/2021 20:07:09 (Std) 	Created WindowFactory for 'CEGUI/Combobox' windows.
06/06/2021 20:07:09 (Std) 	WindowFactory for 'CEGUI/Combobox' windows added. (0910AB68)
06/06/2021 20:07:09 (Std) 	Created WindowFactory for 'CEGUI/ComboDropList' windows.
06/06/2021 20:07:09 (Std) 	WindowFactory for 'CEGUI/ComboDropList' windows added. (0910AC30)
06/06/2021 20:07:09 (Std) 	Created WindowFactory for 'CEGUI/Editbox' windows.
06/06/2021 20:07:09 (Std) 	WindowFactory for 'CEGUI/Editbox' windows added. (0910BC98)
06/06/2021 20:07:09 (Std) 	Created WindowFactory for 'CEGUI/FrameWindow' windows.
06/06/2021 20:07:09 (Std) 	WindowFactory for 'CEGUI/FrameWindow' windows added. (0910AAA0)
06/06/2021 20:07:09 (Std) 	Created WindowFactory for 'CEGUI/ItemEntry' windows.
06/06/2021 20:07:09 (Std) 	WindowFactory for 'CEGUI/ItemEntry' windows added. (0910BA40)
06/06/2021 20:07:09 (Std) 	Created WindowFactory for 'CEGUI/Listbox' windows.
06/06/2021 20:07:09 (Std) 	WindowFactory for 'CEGUI/Listbox' windows added. (0910B658)
06/06/2021 20:07:09 (Std) 	Created WindowFactory for 'CEGUI/ListHeader' windows.
06/06/2021 20:07:09 (Std) 	WindowFactory for 'CEGUI/ListHeader' windows added. (0910C080)
06/06/2021 20:07:09 (Std) 	Created WindowFactory for 'CEGUI/ListHeaderSegment' windows.
06/06/2021 20:07:09 (Std) 	WindowFactory for 'CEGUI/ListHeaderSegment' windows added. (0910BFB8)
06/06/2021 20:07:09 (Std) 	Created WindowFactory for 'CEGUI/Menubar' windows.
06/06/2021 20:07:09 (Std) 	WindowFactory for 'CEGUI/Menubar' windows added. (0910ADC0)
06/06/2021 20:07:09 (Std) 	Created WindowFactory for 'CEGUI/PopupMenu' windows.
06/06/2021 20:07:09 (Std) 	WindowFactory for 'CEGUI/PopupMenu' windows added. (0910AE88)
06/06/2021 20:07:09 (Std) 	Created WindowFactory for 'CEGUI/MenuItem' windows.
06/06/2021 20:07:09 (Std) 	WindowFactory for 'CEGUI/MenuItem' windows added. (0910BE28)
06/06/2021 20:07:09 (Std) 	Created WindowFactory for 'CEGUI/MultiColumnList' windows.
06/06/2021 20:07:09 (Std) 	WindowFactory for 'CEGUI/MultiColumnList' windows added. (0910BD60)
06/06/2021 20:07:09 (Std) 	Created WindowFactory for 'CEGUI/MultiLineEditbox' windows.
06/06/2021 20:07:09 (Std) 	WindowFactory for 'CEGUI/MultiLineEditbox' windows added. (0910C148)
06/06/2021 20:07:09 (Std) 	Created WindowFactory for 'CEGUI/ProgressBar' windows.
06/06/2021 20:07:09 (Std) 	WindowFactory for 'CEGUI/ProgressBar' windows added. (0910A910)
06/06/2021 20:07:09 (Std) 	Created WindowFactory for 'CEGUI/ScrollablePane' windows.
06/06/2021 20:07:09 (Std) 	WindowFactory for 'CEGUI/ScrollablePane' windows added. (0910A9D8)
06/06/2021 20:07:09 (Std) 	Created WindowFactory for 'CEGUI/Scrollbar' windows.
06/06/2021 20:07:09 (Std) 	WindowFactory for 'CEGUI/Scrollbar' windows added. (0910B0E0)
06/06/2021 20:07:09 (Std) 	Created WindowFactory for 'CEGUI/Slider' windows.
06/06/2021 20:07:09 (Std) 	WindowFactory for 'CEGUI/Slider' windows added. (0910B018)
06/06/2021 20:07:09 (Std) 	Created WindowFactory for 'CEGUI/Spinner' windows.
06/06/2021 20:07:09 (Std) 	WindowFactory for 'CEGUI/Spinner' windows added. (0910B270)
06/06/2021 20:07:09 (Std) 	Created WindowFactory for 'CEGUI/TabButton' windows.
06/06/2021 20:07:09 (Std) 	WindowFactory for 'CEGUI/TabButton' windows added. (0910B8B0)
06/06/2021 20:07:09 (Std) 	Created WindowFactory for 'CEGUI/TabControl' windows.
06/06/2021 20:07:09 (Std) 	WindowFactory for 'CEGUI/TabControl' windows added. (0910B720)
06/06/2021 20:07:09 (Std) 	Created WindowFactory for 'CEGUI/Thumb' windows.
06/06/2021 20:07:09 (Std) 	WindowFactory for 'CEGUI/Thumb' windows added. (0910C3A0)
06/06/2021 20:07:09 (Std) 	Created WindowFactory for 'CEGUI/Titlebar' windows.
06/06/2021 20:07:09 (Std) 	WindowFactory for 'CEGUI/Titlebar' windows added. (0910C5F8)
06/06/2021 20:07:09 (Std) 	Created WindowFactory for 'CEGUI/ToggleButton' windows.
06/06/2021 20:07:09 (Std) 	WindowFactory for 'CEGUI/ToggleButton' windows added. (0910C210)
06/06/2021 20:07:09 (Std) 	Created WindowFactory for 'CEGUI/Tooltip' windows.
06/06/2021 20:07:09 (Std) 	WindowFactory for 'CEGUI/Tooltip' windows added. (0910C2D8)
06/06/2021 20:07:09 (Std) 	Created WindowFactory for 'CEGUI/ItemListbox' windows.
06/06/2021 20:07:09 (Std) 	WindowFactory for 'CEGUI/ItemListbox' windows added. (0910C530)
06/06/2021 20:07:09 (Std) 	Created WindowFactory for 'CEGUI/GroupBox' windows.
06/06/2021 20:07:09 (Std) 	WindowFactory for 'CEGUI/GroupBox' windows added. (0910C6C0)
06/06/2021 20:07:09 (Std) 	Created WindowFactory for 'CEGUI/Tree' windows.
06/06/2021 20:07:09 (Std) 	WindowFactory for 'CEGUI/Tree' windows added. (0910C788)
06/06/2021 20:07:09 (Std) 	Created WindowFactory for 'LayoutCell' windows.
06/06/2021 20:07:09 (Std) 	WindowFactory for 'LayoutCell' windows added. (0910C468)
06/06/2021 20:07:09 (Std) 	Created WindowFactory for 'HorizontalLayoutContainer' windows.
06/06/2021 20:07:09 (Std) 	WindowFactory for 'HorizontalLayoutContainer' windows added. (09110008)
06/06/2021 20:07:09 (Std) 	Created WindowFactory for 'VerticalLayoutContainer' windows.
06/06/2021 20:07:09 (Std) 	WindowFactory for 'VerticalLayoutContainer' windows added. (0910FCE8)
06/06/2021 20:07:09 (Std) 	Created WindowFactory for 'GridLayoutContainer' windows.
06/06/2021 20:07:09 (Std) 	WindowFactory for 'GridLayoutContainer' windows added. (09110AF8)
06/06/2021 20:07:09 (Std) 	CEGUI::System singleton created. (045F99B0)
06/06/2021 20:07:09 (Std) 	---- CEGUI System initialisation completed ----
06/06/2021 20:07:09 (Std) 	
06/06/2021 20:07:09 (Std) 	Started creation of Scheme from XML specification:
06/06/2021 20:07:09 (Std) 	---- CEGUI GUIScheme name: TaharezLook
06/06/2021 20:07:09 (Std) 	[ImageManager] Started creation of Imageset from XML specification:
06/06/2021 20:07:09 (Std) 	[ImageManager] ---- CEGUI Imageset name: TaharezLook
06/06/2021 20:07:09 (Std) 	[ImageManager] ---- Source texture file: TaharezLook.png
06/06/2021 20:07:09 (Std) 	[ImageManager] ---- Source texture resource group: (Default)
06/06/2021 20:07:09 (Std) 	[OpenGLRenderer] Created texture: TaharezLook
06/06/2021 20:07:09 (Std) 	[ImageManager] Created image: 'TaharezLook/ClientBrush' (01323BD0) of type: BasicImage
06/06/2021 20:07:09 (Std) 	[ImageManager] Created image: 'TaharezLook/GenericBrush' (01324260) of type: BasicImage
06/06/2021 20:07:09 (Std) 	[ImageManager] Created image: 'TaharezLook/WindowLeftEdge' (013247D8) of type: BasicImage
06/06/2021 20:07:09 (Std) 	[ImageManager] Created image: 'TaharezLook/WindowRightEdge' (0464DAB8) of type: BasicImage
06/06/2021 20:07:09 (Std) 	[ImageManager] Created image: 'TaharezLook/WindowTopEdge' (0464E148) of type: BasicImage
06/06/2021 20:07:09 (Std) 	[ImageManager] Created image: 'TaharezLook/WindowBottomEdge' (0464E378) of type: BasicImage
06/06/2021 20:07:09 (Std) 	[ImageManager] Created image: 'TaharezLook/WindowTopLeft' (0464CA50) of type: BasicImage
06/06/2021 20:07:09 (Std) 	[ImageManager] Created image: 'TaharezLook/WindowTopRight' (0464E490) of type: BasicImage
06/06/2021 20:07:09 (Std) 	[ImageManager] Created image: 'TaharezLook/WindowBottomLeft' (0464D9A0) of type: BasicImage
06/06/2021 20:07:09 (Std) 	[ImageManager] Created image: 'TaharezLook/WindowBottomRight' (0464C708) of type: BasicImage
06/06/2021 20:07:09 (Std) 	[ImageManager] Created image: 'TaharezLook/ButtonLeftNormal' (0464E260) of type: BasicImage
06/06/2021 20:07:09 (Std) 	[ImageManager] Created image: 'TaharezLook/ButtonMiddleNormal' (0464DBD0) of type: BasicImage
06/06/2021 20:07:09 (Std) 	[ImageManager] Created image: 'TaharezLook/ButtonRightNormal' (0464DCE8) of type: BasicImage
06/06/2021 20:07:09 (Std) 	[ImageManager] Created image: 'TaharezLook/ButtonLeftPushed' (0464D540) of type: BasicImage
06/06/2021 20:07:09 (Std) 	[ImageManager] Created image: 'TaharezLook/ButtonMiddlePushed' (0464DE00) of type: BasicImage
06/06/2021 20:07:09 (Std) 	[ImageManager] Created image: 'TaharezLook/ButtonRightPushed' (0464DF18) of type: BasicImage
06/06/2021 20:07:09 (Std) 	[ImageManager] Created image: 'TaharezLook/ButtonLeftHighlight' (0464CEB0) of type: BasicImage
06/06/2021 20:07:09 (Std) 	[ImageManager] Created image: 'TaharezLook/ButtonMiddleHighlight' (0464CB68) of type: BasicImage
06/06/2021 20:07:09 (Std) 	[ImageManager] Created image: 'TaharezLook/ButtonRightHighlight' (0464D1F8) of type: BasicImage
06/06/2021 20:07:09 (Std) 	[ImageManager] Created image: 'TaharezLook/CheckboxNormal' (0464CFC8) of type: BasicImage
06/06/2021 20:07:09 (Std) 	[ImageManager] Created image: 'TaharezLook/CheckboxHover' (0464E030) of type: BasicImage
06/06/2021 20:07:09 (Std) 	[ImageManager] Created image: 'TaharezLook/CheckboxMark' (0464C5F0) of type: BasicImage
06/06/2021 20:07:09 (Std) 	[ImageManager] Created image: 'TaharezLook/RadioButtonNormal' (0464CD98) of type: BasicImage
06/06/2021 20:07:09 (Std) 	[ImageManager] Created image: 'TaharezLook/RadioButtonHover' (0464D428) of type: BasicImage
06/06/2021 20:07:09 (Std) 	[ImageManager] Created image: 'TaharezLook/RadioButtonMark' (0464C820) of type: BasicImage
06/06/2021 20:07:09 (Std) 	[ImageManager] Created image: 'TaharezLook/TitlebarLeft' (0464C938) of type: BasicImage
06/06/2021 20:07:09 (Std) 	[ImageManager] Created image: 'TaharezLook/TitlebarMiddle' (0464CC80) of type: BasicImage
06/06/2021 20:07:09 (Std) 	[ImageManager] Created image: 'TaharezLook/TitlebarRight' (0464D0E0) of type: BasicImage
06/06/2021 20:07:09 (Std) 	[ImageManager] Created image: 'TaharezLook/NewTitlebarLeft' (0464D310) of type: BasicImage
06/06/2021 20:07:09 (Std) 	[ImageManager] Created image: 'TaharezLook/NewTitlebarMiddle' (0464D658) of type: BasicImage
06/06/2021 20:07:09 (Std) 	[ImageManager] Created image: 'TaharezLook/NewTitlebarRight' (0464D770) of type: BasicImage
06/06/2021 20:07:09 (Std) 	[ImageManager] Created image: 'TaharezLook/SysAreaMiddle' (0464D888) of type: BasicImage
06/06/2021 20:07:09 (Std) 	[ImageManager] Created image: 'TaharezLook/SysAreaRight' (09140360) of type: BasicImage
06/06/2021 20:07:09 (Std) 	[ImageManager] Created image: 'TaharezLook/StaticLeft' (0913FF00) of type: BasicImage
06/06/2021 20:07:09 (Std) 	[ImageManager] Created image: 'TaharezLook/StaticRight' (091406A8) of type: BasicImage
06/06/2021 20:07:09 (Std) 	[ImageManager] Created image: 'TaharezLook/StaticTop' (0913F870) of type: BasicImage
06/06/2021 20:07:09 (Std) 	[ImageManager] Created image: 'TaharezLook/StaticBottom' (09140018) of type: BasicImage
06/06/2021 20:07:09 (Std) 	[ImageManager] Created image: 'TaharezLook/StaticTopLeft' (091408D8) of type: BasicImage
06/06/2021 20:07:09 (Std) 	[ImageManager] Created image: 'TaharezLook/StaticTopRight' (09140590) of type: BasicImage
06/06/2021 20:07:09 (Std) 	[ImageManager] Created image: 'TaharezLook/StaticBottomLeft' (09140478) of type: BasicImage
06/06/2021 20:07:09 (Std) 	[ImageManager] Created image: 'TaharezLook/StaticBottomRight' (0913ED80) of type: BasicImage
06/06/2021 20:07:09 (Std) 	[ImageManager] Created image: 'TaharezLook/StaticBackdrop' (09140130) of type: BasicImage
06/06/2021 20:07:09 (Std) 	[ImageManager] Created image: 'TaharezLook/ProgressBarLeft' (091407C0) of type: BasicImage
06/06/2021 20:07:09 (Std) 	[ImageManager] Created image: 'TaharezLook/ProgressBarMiddle' (0913F988) of type: BasicImage
06/06/2021 20:07:09 (Std) 	[ImageManager] Created image: 'TaharezLook/ProgressBarRight' (0913EE98) of type: BasicImage
06/06/2021 20:07:09 (Std) 	[ImageManager] Created image: 'TaharezLook/ProgressBarDimSegment' (0913EB50) of type: BasicImage
06/06/2021 20:07:09 (Std) 	[ImageManager] Created image: 'TaharezLook/ProgressBarLitSegment' (09140248) of type: BasicImage
06/06/2021 20:07:09 (Std) 	[ImageManager] Created image: 'TaharezLook/EditBoxLeft' (091409F0) of type: BasicImage
06/06/2021 20:07:09 (Std) 	[ImageManager] Created image: 'TaharezLook/EditBoxMiddle' (0913EC68) of type: BasicImage
06/06/2021 20:07:09 (Std) 	[ImageManager] Created image: 'TaharezLook/EditBoxRight' (0913EFB0) of type: BasicImage
06/06/2021 20:07:09 (Std) 	[ImageManager] Created image: 'TaharezLook/EditBoxCaret' (0913FAA0) of type: BasicImage
06/06/2021 20:07:09 (Std) 	[ImageManager] Created image: 'TaharezLook/SpinnerUpNormal' (0913F0C8) of type: BasicImage
06/06/2021 20:07:09 (Std) 	[ImageManager] Created image: 'TaharezLook/SpinnerDownNormal' (0913F1E0) of type: BasicImage
06/06/2021 20:07:09 (Std) 	[ImageManager] Created image: 'TaharezLook/SpinnerUpHover' (0913F2F8) of type: BasicImage
06/06/2021 20:07:09 (Std) 	[ImageManager] Created image: 'TaharezLook/SpinnerDownHover' (0913F410) of type: BasicImage
06/06/2021 20:07:09 (Std) 	[ImageManager] Created image: 'TaharezLook/TextSelectionBrush' (0913F528) of type: BasicImage
06/06/2021 20:07:09 (Std) 	[ImageManager] Created image: 'TaharezLook/VertScrollTop' (0913F640) of type: BasicImage
06/06/2021 20:07:09 (Std) 	[ImageManager] Created image: 'TaharezLook/VertScrollMiddle' (0913F758) of type: BasicImage
06/06/2021 20:07:09 (Std) 	[ImageManager] Created image: 'TaharezLook/VertScrollBottom' (0913FBB8) of type: BasicImage
06/06/2021 20:07:09 (Std) 	[ImageManager] Created image: 'TaharezLook/VertScrollBarSegment' (0913FCD0) of type: BasicImage
06/06/2021 20:07:09 (Std) 	[ImageManager] Created image: 'TaharezLook/VertScrollThumbNormal' (0913FDE8) of type: BasicImage
06/06/2021 20:07:09 (Std) 	[ImageManager] Created image: 'TaharezLook/VertScrollThumbHover' (09141DF0) of type: BasicImage
06/06/2021 20:07:09 (Std) 	[ImageManager] Created image: 'TaharezLook/VertScrollUpNormal' (09142598) of type: BasicImage
06/06/2021 20:07:09 (Std) 	[ImageManager] Created image: 'TaharezLook/VertScrollDownNormal' (09141CD8) of type: BasicImage
06/06/2021 20:07:09 (Std) 	[ImageManager] Created image: 'TaharezLook/VertScrollUpHover' (091427C8) of type: BasicImage
06/06/2021 20:07:09 (Std) 	[ImageManager] Created image: 'TaharezLook/VertScrollDownHover' (09141300) of type: BasicImage
06/06/2021 20:07:09 (Std) 	[ImageManager] Created image: 'TaharezLook/MiniVertScrollBarSegment' (09141F08) of type: BasicImage
06/06/2021 20:07:09 (Std) 	[ImageManager] Created image: 'TaharezLook/MiniVertScrollThumbNormal' (09141AA8) of type: BasicImage
06/06/2021 20:07:09 (Std) 	[ImageManager] Created image: 'TaharezLook/MiniVertScrollThumbTopNormal' (09141418) of type: BasicImage
06/06/2021 20:07:09 (Std) 	[ImageManager] Created image: 'TaharezLook/MiniVertScrollThumbMiddleNormal' (09140D88) of type: BasicImage
06/06/2021 20:07:09 (Std) 	[ImageManager] Created image: 'TaharezLook/MiniVertScrollThumbBottomNormal' (09141BC0) of type: BasicImage
06/06/2021 20:07:09 (Std) 	[ImageManager] Created image: 'TaharezLook/MiniVertScrollThumbTopHover' (09141990) of type: BasicImage
06/06/2021 20:07:09 (Std) 	[ImageManager] Created image: 'TaharezLook/MiniVertScrollThumbMiddleHover' (091426B0) of type: BasicImage
06/06/2021 20:07:09 (Std) 	[ImageManager] Created image: 'TaharezLook/MiniVertScrollThumbBottomHover' (09142020) of type: BasicImage
06/06/2021 20:07:09 (Std) 	[ImageManager] Created image: 'TaharezLook/MiniVertScrollThumbHover' (09142138) of type: BasicImage
06/06/2021 20:07:09 (Std) 	[ImageManager] Created image: 'TaharezLook/MiniVertScrollUpNormal' (09141530) of type: BasicImage
06/06/2021 20:07:09 (Std) 	[ImageManager] Created image: 'TaharezLook/MiniVertScrollDownNormal' (091411E8) of type: BasicImage
06/06/2021 20:07:09 (Std) 	[ImageManager] Created image: 'TaharezLook/MiniVertScrollUpHover' (091429F8) of type: BasicImage
06/06/2021 20:07:09 (Std) 	[ImageManager] Created image: 'TaharezLook/MiniVertScrollDownHover' (091410D0) of type: BasicImage
06/06/2021 20:07:09 (Std) 	[ImageManager] Created image: 'TaharezLook/VertSliderBody' (09142480) of type: BasicImage
06/06/2021 20:07:09 (Std) 	[ImageManager] Created image: 'TaharezLook/VertSliderThumbNormal' (09140B58) of type: BasicImage
06/06/2021 20:07:09 (Std) 	[ImageManager] Created image: 'TaharezLook/VertSliderThumbHover' (09140C70) of type: BasicImage
06/06/2021 20:07:09 (Std) 	[ImageManager] Created image: 'TaharezLook/MiniHorzScrollBarSegment' (09142250) of type: BasicImage
06/06/2021 20:07:09 (Std) 	[ImageManager] Created image: 'TaharezLook/MiniHorzScrollThumbNormal' (091428E0) of type: BasicImage
06/06/2021 20:07:09 (Std) 	[ImageManager] Created image: 'TaharezLook/MiniHorzScrollThumbLeftNormal' (09141648) of type: BasicImage
06/06/2021 20:07:09 (Std) 	[ImageManager] Created image: 'TaharezLook/MiniHorzScrollThumbMiddleNormal' (09142368) of type: BasicImage
06/06/2021 20:07:09 (Std) 	[ImageManager] Created image: 'TaharezLook/MiniHorzScrollThumbRightNormal' (09140EA0) of type: BasicImage
06/06/2021 20:07:09 (Std) 	[ImageManager] Created image: 'TaharezLook/MiniHorzScrollThumbHover' (09140FB8) of type: BasicImage
06/06/2021 20:07:09 (Std) 	[ImageManager] Created image: 'TaharezLook/MiniHorzScrollThumbLeftHover' (09141760) of type: BasicImage
06/06/2021 20:07:09 (Std) 	[ImageManager] Created image: 'TaharezLook/MiniHorzScrollThumbMiddleHover' (09141878) of type: BasicImage
06/06/2021 20:07:09 (Std) 	[ImageManager] Created image: 'TaharezLook/MiniHorzScrollThumbRightHover' (0914F9C0) of type: BasicImage
06/06/2021 20:07:09 (Std) 	[ImageManager] Created image: 'TaharezLook/MiniHorzScrollLeftNormal' (0914FAD8) of type: BasicImage
06/06/2021 20:07:09 (Std) 	[ImageManager] Created image: 'TaharezLook/MiniHorzScrollRightNormal' (091510B8) of type: BasicImage
06/06/2021 20:07:09 (Std) 	[ImageManager] Created image: 'TaharezLook/MiniHorzScrollLeftHover' (09151518) of type: BasicImage
06/06/2021 20:07:09 (Std) 	[ImageManager] Created image: 'TaharezLook/MiniHorzScrollRightHover' (0914FD08) of type: BasicImage
06/06/2021 20:07:09 (Std) 	[ImageManager] Created image: 'TaharezLook/ListboxLeft' (09151630) of type: BasicImage
06/06/2021 20:07:09 (Std) 	[ImageManager] Created image: 'TaharezLook/ListboxRight' (09150168) of type: BasicImage
06/06/2021 20:07:09 (Std) 	[ImageManager] Created image: 'TaharezLook/ListboxTop' (091511D0) of type: BasicImage
06/06/2021 20:07:09 (Std) 	[ImageManager] Created image: 'TaharezLook/ListboxBottom' (0914FBF0) of type: BasicImage
06/06/2021 20:07:09 (Std) 	[ImageManager] Created image: 'TaharezLook/ListboxTopLeft' (09150398) of type: BasicImage
06/06/2021 20:07:09 (Std) 	[ImageManager] Created image: 'TaharezLook/ListboxTopRight' (09150050) of type: BasicImage
06/06/2021 20:07:09 (Std) 	[ImageManager] Created image: 'TaharezLook/ListboxBottomLeft' (09150A28) of type: BasicImage
06/06/2021 20:07:09 (Std) 	[ImageManager] Created image: 'TaharezLook/ListboxBottomRight' (091512E8) of type: BasicImage
06/06/2021 20:07:09 (Std) 	[ImageManager] Created image: 'TaharezLook/ListboxBackdrop' (0914FE20) of type: BasicImage
06/06/2021 20:07:09 (Std) 	[ImageManager] Created image: 'TaharezLook/ListboxSelectionBrush' (0914F8A8) of type: BasicImage
06/06/2021 20:07:09 (Std) 	[ImageManager] Created image: 'TaharezLook/ComboboxEditLeft' (0914F790) of type: BasicImage
06/06/2021 20:07:09 (Std) 	[ImageManager] Created image: 'TaharezLook/ComboboxEditMiddle' (0914FF38) of type: BasicImage
06/06/2021 20:07:09 (Std) 	[ImageManager] Created image: 'TaharezLook/ComboboxListButtonNormal' (09150280) of type: BasicImage
06/06/2021 20:07:09 (Std) 	[ImageManager] Created image: 'TaharezLook/ComboboxListButtonHover' (091504B0) of type: BasicImage
06/06/2021 20:07:09 (Std) 	[ImageManager] Created image: 'TaharezLook/ComboboxListLeft' (091505C8) of type: BasicImage
06/06/2021 20:07:09 (Std) 	[ImageManager] Created image: 'TaharezLook/ComboboxListRight' (09150FA0) of type: BasicImage
06/06/2021 20:07:09 (Std) 	[ImageManager] Created image: 'TaharezLook/ComboboxListTop' (09150B40) of type: BasicImage
06/06/2021 20:07:09 (Std) 	[ImageManager] Created image: 'TaharezLook/ComboboxListBottom' (091506E0) of type: BasicImage
06/06/2021 20:07:09 (Std) 	[ImageManager] Created image: 'TaharezLook/ComboboxListTopLeft' (091507F8) of type: BasicImage
06/06/2021 20:07:09 (Std) 	[ImageManager] Created image: 'TaharezLook/ComboboxListTopRight' (09150E88) of type: BasicImage
06/06/2021 20:07:09 (Std) 	[ImageManager] Created image: 'TaharezLook/ComboboxListBottomLeft' (09150910) of type: BasicImage
06/06/2021 20:07:09 (Std) 	[ImageManager] Created image: 'TaharezLook/ComboboxListBottomRight' (09150C58) of type: BasicImage
06/06/2021 20:07:09 (Std) 	[ImageManager] Created image: 'TaharezLook/ComboboxListBackdrop' (09150D70) of type: BasicImage
06/06/2021 20:07:09 (Std) 	[ImageManager] Created image: 'TaharezLook/ComboboxSelectionBrush' (09151400) of type: BasicImage
06/06/2021 20:07:09 (Std) 	[ImageManager] Created image: 'TaharezLook/ComboboxDividerLeft' (09156648) of type: BasicImage
06/06/2021 20:07:09 (Std) 	[ImageManager] Created image: 'TaharezLook/ComboboxDividerMiddle' (09155C70) of type: BasicImage
06/06/2021 20:07:09 (Std) 	[ImageManager] Created image: 'TaharezLook/ComboboxDividerRight' (091556F8) of type: BasicImage
06/06/2021 20:07:09 (Std) 	[ImageManager] Created image: 'TaharezLook/HeaderBarBackdropNormal' (09155068) of type: BasicImage
06/06/2021 20:07:09 (Std) 	[ImageManager] Created image: 'TaharezLook/HeaderBarBackdropHover' (09156300) of type: BasicImage
06/06/2021 20:07:09 (Std) 	[ImageManager] Created image: 'TaharezLook/HeaderBarSplitterNormal' (09155180) of type: BasicImage
06/06/2021 20:07:09 (Std) 	[ImageManager] Created image: 'TaharezLook/HeaderBarSplitterHover' (091553B0) of type: BasicImage
06/06/2021 20:07:09 (Std) 	[ImageManager] Created image: 'TaharezLook/HeaderBarSortUp' (09155FB8) of type: BasicImage
06/06/2021 20:07:09 (Std) 	[ImageManager] Created image: 'TaharezLook/HeaderBarSortDown' (091547A8) of type: BasicImage
06/06/2021 20:07:09 (Std) 	[ImageManager] Created image: 'TaharezLook/MultiListLeft' (09155298) of type: BasicImage
06/06/2021 20:07:09 (Std) 	[ImageManager] Created image: 'TaharezLook/MultiListRight' (09155B58) of type: BasicImage
06/06/2021 20:07:09 (Std) 	[ImageManager] Created image: 'TaharezLook/MultiListTop' (09155D88) of type: BasicImage
06/06/2021 20:07:09 (Std) 	[ImageManager] Created image: 'TaharezLook/MultiListBottom' (09154F50) of type: BasicImage
06/06/2021 20:07:09 (Std) 	[ImageManager] Created image: 'TaharezLook/MultiListTopLeft' (091554C8) of type: BasicImage
06/06/2021 20:07:09 (Std) 	[ImageManager] Created image: 'TaharezLook/MultiListTopRight' (09155EA0) of type: BasicImage
06/06/2021 20:07:09 (Std) 	[ImageManager] Created image: 'TaharezLook/MultiListBottomLeft' (091555E0) of type: BasicImage
06/06/2021 20:07:09 (Std) 	[ImageManager] Created image: 'TaharezLook/MultiListBottomRight' (09156530) of type: BasicImage
06/06/2021 20:07:09 (Std) 	[ImageManager] Created image: 'TaharezLook/MultiListBackdrop' (091560D0) of type: BasicImage
06/06/2021 20:07:09 (Std) 	[ImageManager] Created image: 'TaharezLook/MultiListSelectionBrush' (09154E38) of type: BasicImage
06/06/2021 20:07:09 (Std) 	[ImageManager] Created image: 'TaharezLook/AltProgressLeft' (091561E8) of type: BasicImage
06/06/2021 20:07:09 (Std) 	[ImageManager] Created image: 'TaharezLook/AltProgressMiddle' (09155A40) of type: BasicImage
06/06/2021 20:07:09 (Std) 	[ImageManager] Created image: 'TaharezLook/AltProgressRight' (091548C0) of type: BasicImage
06/06/2021 20:07:09 (Std) 	[ImageManager] Created image: 'TaharezLook/AltProgressQuarter' (09154C08) of type: BasicImage
06/06/2021 20:07:09 (Std) 	[ImageManager] Created image: 'TaharezLook/AltProgressHalf' (091549D8) of type: BasicImage
06/06/2021 20:07:09 (Std) 	[ImageManager] Created image: 'TaharezLook/AltProgressLight1' (09154AF0) of type: BasicImage
06/06/2021 20:07:09 (Std) 	[ImageManager] Created image: 'TaharezLook/AltProgressLight2' (09155810) of type: BasicImage
06/06/2021 20:07:09 (Std) 	[ImageManager] Created image: 'TaharezLook/AltProgressLight3' (09155928) of type: BasicImage
06/06/2021 20:07:09 (Std) 	[ImageManager] Created image: 'TaharezLook/AltProgressLight4' (09156418) of type: BasicImage
06/06/2021 20:07:09 (Std) 	[ImageManager] Created image: 'TaharezLook/AltProgressLight5' (09154D20) of type: BasicImage
06/06/2021 20:07:09 (Std) 	[ImageManager] Created image: 'TaharezLook/AltProgressLight6' (09159FC8) of type: BasicImage
06/06/2021 20:07:09 (Std) 	[ImageManager] Created image: 'TaharezLook/AltProgressLight7' (0915A658) of type: BasicImage
06/06/2021 20:07:09 (Std) 	[ImageManager] Created image: 'TaharezLook/AltProgressLight8' (091594D8) of type: BasicImage
06/06/2021 20:07:09 (Std) 	[ImageManager] Created image: 'TaharezLook/AltProgressLight9' (09159EB0) of type: BasicImage
06/06/2021 20:07:09 (Std) 	[ImageManager] Created image: 'TaharezLook/AltProgressLight10' (09159C80) of type: BasicImage
06/06/2021 20:07:09 (Std) 	[ImageManager] Created image: 'TaharezLook/CloseButtonNormal' (091592A8) of type: BasicImage
06/06/2021 20:07:09 (Std) 	[ImageManager] Created image: 'TaharezLook/CloseButtonHover' (091588D0) of type: BasicImage
06/06/2021 20:07:09 (Std) 	[ImageManager] Created image: 'TaharezLook/CloseButtonPressed' (091589E8) of type: BasicImage
06/06/2021 20:07:09 (Std) 	[ImageManager] Created image: 'TaharezLook/NewCloseButtonNormal' (091587B8) of type: BasicImage
06/06/2021 20:07:09 (Std) 	[ImageManager] Created image: 'TaharezLook/NewCloseButtonHover' (0915A540) of type: BasicImage
06/06/2021 20:07:09 (Std) 	[ImageManager] Created image: 'TaharezLook/NewCloseButtonPressed' (09158B00) of type: BasicImage
06/06/2021 20:07:09 (Std) 	[ImageManager] Created image: 'TaharezLook/MultiLineEditboxLeft' (091595F0) of type: BasicImage
06/06/2021 20:07:09 (Std) 	[ImageManager] Created image: 'TaharezLook/MultiLineEditboxRight' (09159708) of type: BasicImage
06/06/2021 20:07:09 (Std) 	[ImageManager] Created image: 'TaharezLook/MultiLineEditboxTop' (09158C18) of type: BasicImage
06/06/2021 20:07:09 (Std) 	[ImageManager] Created image: 'TaharezLook/MultiLineEditboxBottom' (0915A0E0) of type: BasicImage
06/06/2021 20:07:09 (Std) 	[ImageManager] Created image: 'TaharezLook/MultiLineEditboxTopLeft' (09158F60) of type: BasicImage
06/06/2021 20:07:09 (Std) 	[ImageManager] Created image: 'TaharezLook/MultiLineEditboxTopRight' (09159B68) of type: BasicImage
06/06/2021 20:07:09 (Std) 	[ImageManager] Created image: 'TaharezLook/MultiLineEditboxBottomLeft' (09159D98) of type: BasicImage
06/06/2021 20:07:09 (Std) 	[ImageManager] Created image: 'TaharezLook/MultiLineEditboxBottomRight' (0915A1F8) of type: BasicImage
06/06/2021 20:07:09 (Std) 	[ImageManager] Created image: 'TaharezLook/MultiLineEditboxBackdrop' (0915A310) of type: BasicImage
06/06/2021 20:07:09 (Std) 	[ImageManager] Created image: 'TaharezLook/MultiLineEditboxSelectionBrush' (0915A428) of type: BasicImage
06/06/2021 20:07:09 (Std) 	[ImageManager] Created image: 'TaharezLook/MouseTarget' (09159938) of type: BasicImage
06/06/2021 20:07:09 (Std) 	[ImageManager] Created image: 'TaharezLook/MouseArrow' (09158D30) of type: BasicImage
06/06/2021 20:07:09 (Std) 	[ImageManager] Created image: 'TaharezLook/MouseMoveCursor' (09158E48) of type: BasicImage
06/06/2021 20:07:09 (Std) 	[ImageManager] Created image: 'TaharezLook/MouseNoSoCursor' (09159078) of type: BasicImage
06/06/2021 20:07:09 (Std) 	[ImageManager] Created image: 'TaharezLook/MouseEsWeCursor' (09159190) of type: BasicImage
06/06/2021 20:07:09 (Std) 	[ImageManager] Created image: 'TaharezLook/MouseNeSwCursor' (091593C0) of type: BasicImage
06/06/2021 20:07:09 (Std) 	[ImageManager] Created image: 'TaharezLook/MouseNwSeCursor' (09159820) of type: BasicImage
06/06/2021 20:07:09 (Std) 	[ImageManager] Created image: 'TaharezLook/MouseTextBar' (09159A50) of type: BasicImage
06/06/2021 20:07:09 (Std) 	[ImageManager] Created image: 'TaharezLook/TabHorizontalFiller' (0915AE50) of type: BasicImage
06/06/2021 20:07:09 (Std) 	[ImageManager] Created image: 'TaharezLook/TabContentPaneUpperLeft' (0915AF68) of type: BasicImage
06/06/2021 20:07:09 (Std) 	[ImageManager] Created image: 'TaharezLook/TabContentPaneUpper' (0915BEB8) of type: BasicImage
06/06/2021 20:07:09 (Std) 	[ImageManager] Created image: 'TaharezLook/TabContentPaneUpperRight' (0915BC88) of type: BasicImage
06/06/2021 20:07:09 (Std) 	[ImageManager] Created image: 'TaharezLook/TabContentPaneLeft' (0915AC20) of type: BasicImage
06/06/2021 20:07:09 (Std) 	[ImageManager] Created image: 'TaharezLook/TabContentPaneRight' (0915BB70) of type: BasicImage
06/06/2021 20:07:09 (Std) 	[ImageManager] Created image: 'TaharezLook/TabContentPaneLower' (0915BFD0) of type: BasicImage
06/06/2021 20:07:09 (Std) 	[ImageManager] Created image: 'TaharezLook/TabContentPaneLowerLeft' (0915C548) of type: BasicImage
06/06/2021 20:07:09 (Std) 	[ImageManager] Created image: 'TaharezLook/TabContentPaneLowerRight' (0915BDA0) of type: BasicImage
06/06/2021 20:07:09 (Std) 	[ImageManager] Created image: 'TaharezLook/TabContentPaneMiddle' (0915C200) of type: BasicImage
06/06/2021 20:07:09 (Std) 	[ImageManager] Created image: 'TaharezLook/TabButtonScrollLeftNormal' (0915B3C8) of type: BasicImage
06/06/2021 20:07:09 (Std) 	[ImageManager] Created image: 'TaharezLook/TabButtonScrollRightNormal' (0915C660) of type: BasicImage
06/06/2021 20:07:09 (Std) 	[ImageManager] Created image: 'TaharezLook/TabButtonScrollLeftHover' (0915B4E0) of type: BasicImage
06/06/2021 20:07:09 (Std) 	[ImageManager] Created image: 'TaharezLook/TabButtonScrollRightHover' (0915C0E8) of type: BasicImage
06/06/2021 20:07:09 (Std) 	[ImageManager] Created image: 'TaharezLook/TabButtonLeftNormal' (0915B2B0) of type: BasicImage
06/06/2021 20:07:09 (Std) 	[ImageManager] Created image: 'TaharezLook/TabButtonRightNormal' (0915B080) of type: BasicImage
06/06/2021 20:07:09 (Std) 	[ImageManager] Created image: 'TaharezLook/TabButtonUpperNormal' (0915C318) of type: BasicImage
06/06/2021 20:07:09 (Std) 	[ImageManager] Created image: 'TaharezLook/TabButtonLowerNormal' (0915BA58) of type: BasicImage
06/06/2021 20:07:09 (Std) 	[ImageManager] Created image: 'TaharezLook/TabButtonUpperLeftNormal' (0915AB08) of type: BasicImage
06/06/2021 20:07:09 (Std) 	[ImageManager] Created image: 'TaharezLook/TabButtonUpperLeft2Normal' (0915C430) of type: BasicImage
06/06/2021 20:07:09 (Std) 	[ImageManager] Created image: 'TaharezLook/TabButtonUpperRightNormal' (0915A7C0) of type: BasicImage
06/06/2021 20:07:09 (Std) 	[ImageManager] Created image: 'TaharezLook/TabButtonLowerLeftNormal' (0915A8D8) of type: BasicImage
06/06/2021 20:07:09 (Std) 	[ImageManager] Created image: 'TaharezLook/TabButtonLowerRightNormal' (0915A9F0) of type: BasicImage
06/06/2021 20:07:09 (Std) 	[ImageManager] Created image: 'TaharezLook/TabButtonLowerRight2Normal' (0915AD38) of type: BasicImage
06/06/2021 20:07:09 (Std) 	[ImageManager] Created image: 'TaharezLook/TabButtonMiddleNormal' (0915B198) of type: BasicImage
06/06/2021 20:07:09 (Std) 	[ImageManager] Created image: 'TaharezLook/TabButtonLeftSelected' (0915B5F8) of type: BasicImage
06/06/2021 20:07:09 (Std) 	[ImageManager] Created image: 'TaharezLook/TabButtonRightSelected' (0915B710) of type: BasicImage
06/06/2021 20:07:09 (Std) 	[ImageManager] Created image: 'TaharezLook/TabButtonUpperSelected' (0915B828) of type: BasicImage
06/06/2021 20:07:09 (Std) 	[ImageManager] Created image: 'TaharezLook/TabButtonLowerSelected' (0915B940) of type: BasicImage
06/06/2021 20:07:09 (Std) 	[ImageManager] Created image: 'TaharezLook/TabButtonUpperLeftSelected' (09162E70) of type: BasicImage
06/06/2021 20:07:09 (Std) 	[ImageManager] Created image: 'TaharezLook/TabButtonUpperRightSelected' (09163618) of type: BasicImage
06/06/2021 20:07:09 (Std) 	[ImageManager] Created image: 'TaharezLook/TabButtonLowerLeftSelected' (09163ED8) of type: BasicImage
06/06/2021 20:07:09 (Std) 	[ImageManager] Created image: 'TaharezLook/TabButtonLowerRightSelected' (09163A78) of type: BasicImage
06/06/2021 20:07:09 (Std) 	[ImageManager] Created image: 'TaharezLook/TabButtonMiddleSelected' (09163730) of type: BasicImage
06/06/2021 20:07:09 (Std) 	[ImageManager] Created image: 'TaharezLook/TooltipTopLeft' (09163960) of type: BasicImage
06/06/2021 20:07:09 (Std) 	[ImageManager] Created image: 'TaharezLook/TooltipTopRight' (09163500) of type: BasicImage
06/06/2021 20:07:09 (Std) 	[ImageManager] Created image: 'TaharezLook/TooltipBottomLeft' (091633E8) of type: BasicImage
06/06/2021 20:07:09 (Std) 	[ImageManager] Created image: 'TaharezLook/TooltipBottomRight' (09164338) of type: BasicImage
06/06/2021 20:07:09 (Std) 	[ImageManager] Created image: 'TaharezLook/TooltipLeftEdge' (09163FF0) of type: BasicImage
06/06/2021 20:07:09 (Std) 	[ImageManager] Created image: 'TaharezLook/TooltipRightEdge' (09164220) of type: BasicImage
06/06/2021 20:07:09 (Std) 	[ImageManager] Created image: 'TaharezLook/TooltipTopEdge' (091630A0) of type: BasicImage
06/06/2021 20:07:09 (Std) 	[ImageManager] Created image: 'TaharezLook/TooltipBottomEdge' (09163DC0) of type: BasicImage
06/06/2021 20:07:09 (Std) 	[ImageManager] Created image: 'TaharezLook/TooltipMiddle' (09164680) of type: BasicImage
06/06/2021 20:07:09 (Std) 	[ImageManager] Created image: 'TaharezLook/MenuTopLeft' (09163848) of type: BasicImage
06/06/2021 20:07:09 (Std) 	[ImageManager] Created image: 'TaharezLook/MenuTopRight' (09163CA8) of type: BasicImage
06/06/2021 20:07:09 (Std) 	[ImageManager] Created image: 'TaharezLook/MenuBottomLeft' (09163B90) of type: BasicImage
06/06/2021 20:07:09 (Std) 	[ImageManager] Created image: 'TaharezLook/MenuBottomRight' (09164108) of type: BasicImage
06/06/2021 20:07:09 (Std) 	[ImageManager] Created image: 'TaharezLook/MenuLeft' (09164450) of type: BasicImage
06/06/2021 20:07:09 (Std) 	[ImageManager] Created image: 'TaharezLook/MenuRight' (091632D0) of type: BasicImage
06/06/2021 20:07:09 (Std) 	[ImageManager] Created image: 'TaharezLook/MenuTop' (09164568) of type: BasicImage
06/06/2021 20:07:09 (Std) 	[ImageManager] Created image: 'TaharezLook/MenuBottom' (09162C40) of type: BasicImage
06/06/2021 20:07:09 (Std) 	[ImageManager] Created image: 'TaharezLook/MenuMiddle' (091627E0) of type: BasicImage
06/06/2021 20:07:09 (Std) 	[ImageManager] Created image: 'TaharezLook/PopupMenuFrameTopLeft' (09162B28) of type: BasicImage
06/06/2021 20:07:09 (Std) 	[ImageManager] Created image: 'TaharezLook/PopupMenuFrameTopRight' (091628F8) of type: BasicImage
06/06/2021 20:07:09 (Std) 	[ImageManager] Created image: 'TaharezLook/PopupMenuFrameBottomLeft' (09162A10) of type: BasicImage
06/06/2021 20:07:09 (Std) 	[ImageManager] Created image: 'TaharezLook/PopupMenuFrameBottomRight' (09162D58) of type: BasicImage
06/06/2021 20:07:09 (Std) 	[ImageManager] Created image: 'TaharezLook/PopupMenuFrameLeft' (09162F88) of type: BasicImage
06/06/2021 20:07:09 (Std) 	[ImageManager] Created image: 'TaharezLook/PopupMenuFrameRight' (091631B8) of type: BasicImage
06/06/2021 20:07:09 (Std) 	[ImageManager] Created image: 'TaharezLook/PopupMenuFrameTop' (0914AD18) of type: BasicImage
06/06/2021 20:07:09 (Std) 	[ImageManager] Created image: 'TaharezLook/PopupMenuFrameBottom' (0914B4C0) of type: BasicImage
06/06/2021 20:07:09 (Std) 	[ImageManager] Created image: 'TaharezLook/PopupMenuMiddle' (0914AE30) of type: BasicImage
06/06/2021 20:07:09 (Std) 	[ImageManager] Created image: 'TaharezLook/PopupMenuArrowRight' (0914A458) of type: BasicImage
06/06/2021 20:07:09 (Std) 	[ImageManager] Created image: 'TaharezLook/PopupMenuArrowLeft' (0914AF48) of type: BasicImage
06/06/2021 20:07:09 (Std) 	[ImageManager] Created image: 'TaharezLook/TreeListClosed' (0914A570) of type: BasicImage
06/06/2021 20:07:09 (Std) 	[ImageManager] Created image: 'TaharezLook/TreeListOpened' (0914A340) of type: BasicImage
06/06/2021 20:07:09 (Std) 	===== Falagard 'root' element: look and feel parsing begins =====
06/06/2021 20:07:09 (Std) 	===== Look and feel parsing completed =====
06/06/2021 20:07:09 (Std) 	No window renderer factories specified for module 'CEGUICoreWindowRendererSet' - adding all available factories...
06/06/2021 20:07:09 (Std) 	Created WindowRendererFactory for 'Core/Button' WindowRenderers.
06/06/2021 20:07:09 (Std) 	WindowRendererFactory 'Core/Button' added. (09110FA8)
06/06/2021 20:07:09 (Std) 	Created WindowRendererFactory for 'Core/Default' WindowRenderers.
06/06/2021 20:07:09 (Std) 	WindowRendererFactory 'Core/Default' added. (09120838)
06/06/2021 20:07:09 (Std) 	Created WindowRendererFactory for 'Core/Editbox' WindowRenderers.
06/06/2021 20:07:09 (Std) 	WindowRendererFactory 'Core/Editbox' added. (09120770)
06/06/2021 20:07:09 (Std) 	Created WindowRendererFactory for 'Core/FrameWindow' WindowRenderers.
06/06/2021 20:07:09 (Std) 	WindowRendererFactory 'Core/FrameWindow' added. (09120900)
06/06/2021 20:07:09 (Std) 	Created WindowRendererFactory for 'Core/ItemEntry' WindowRenderers.
06/06/2021 20:07:09 (Std) 	WindowRendererFactory 'Core/ItemEntry' added. (09120C20)
06/06/2021 20:07:09 (Std) 	Created WindowRendererFactory for 'Core/ListHeader' WindowRenderers.
06/06/2021 20:07:09 (Std) 	WindowRendererFactory 'Core/ListHeader' added. (091206A8)
06/06/2021 20:07:09 (Std) 	Created WindowRendererFactory for 'Core/ListHeaderSegment' WindowRenderers.
06/06/2021 20:07:09 (Std) 	WindowRendererFactory 'Core/ListHeaderSegment' added. (091209C8)
06/06/2021 20:07:09 (Std) 	Created WindowRendererFactory for 'Core/Listbox' WindowRenderers.
06/06/2021 20:07:09 (Std) 	WindowRendererFactory 'Core/Listbox' added. (09120A90)
06/06/2021 20:07:09 (Std) 	Created WindowRendererFactory for 'Core/Menubar' WindowRenderers.
06/06/2021 20:07:09 (Std) 	WindowRendererFactory 'Core/Menubar' added. (09120B58)
06/06/2021 20:07:09 (Std) 	Created WindowRendererFactory for 'Core/MenuItem' WindowRenderers.
06/06/2021 20:07:09 (Std) 	WindowRendererFactory 'Core/MenuItem' added. (0911F960)
06/06/2021 20:07:09 (Std) 	Created WindowRendererFactory for 'Core/MultiColumnList' WindowRenderers.
06/06/2021 20:07:09 (Std) 	WindowRendererFactory 'Core/MultiColumnList' added. (0911FAF0)
06/06/2021 20:07:09 (Std) 	Created WindowRendererFactory for 'Core/MultiLineEditbox' WindowRenderers.
06/06/2021 20:07:09 (Std) 	WindowRendererFactory 'Core/MultiLineEditbox' added. (0911F000)
06/06/2021 20:07:09 (Std) 	Created WindowRendererFactory for 'Core/PopupMenu' WindowRenderers.
06/06/2021 20:07:09 (Std) 	WindowRendererFactory 'Core/PopupMenu' added. (0911F4B0)
06/06/2021 20:07:09 (Std) 	Created WindowRendererFactory for 'Core/ProgressBar' WindowRenderers.
06/06/2021 20:07:09 (Std) 	WindowRendererFactory 'Core/ProgressBar' added. (09120130)
06/06/2021 20:07:09 (Std) 	Created WindowRendererFactory for 'Core/ScrollablePane' WindowRenderers.
06/06/2021 20:07:09 (Std) 	WindowRendererFactory 'Core/ScrollablePane' added. (0911FD48)
06/06/2021 20:07:09 (Std) 	Created WindowRendererFactory for 'Core/Scrollbar' WindowRenderers.
06/06/2021 20:07:09 (Std) 	WindowRendererFactory 'Core/Scrollbar' added. (091201F8)
06/06/2021 20:07:09 (Std) 	Created WindowRendererFactory for 'Core/Slider' WindowRenderers.
06/06/2021 20:07:09 (Std) 	WindowRendererFactory 'Core/Slider' added. (09120450)
06/06/2021 20:07:09 (Std) 	Created WindowRendererFactory for 'Core/Static' WindowRenderers.
06/06/2021 20:07:09 (Std) 	WindowRendererFactory 'Core/Static' added. (0911F190)
06/06/2021 20:07:09 (Std) 	Created WindowRendererFactory for 'Core/StaticImage' WindowRenderers.
06/06/2021 20:07:09 (Std) 	WindowRendererFactory 'Core/StaticImage' added. (0911F640)
06/06/2021 20:07:09 (Std) 	Created WindowRendererFactory for 'Core/StaticText' WindowRenderers.
06/06/2021 20:07:09 (Std) 	WindowRendererFactory 'Core/StaticText' added. (091202C0)
06/06/2021 20:07:09 (Std) 	Created WindowRendererFactory for 'Core/TabButton' WindowRenderers.
06/06/2021 20:07:09 (Std) 	WindowRendererFactory 'Core/TabButton' added. (0911F320)
06/06/2021 20:07:09 (Std) 	Created WindowRendererFactory for 'Core/TabControl' WindowRenderers.
06/06/2021 20:07:09 (Std) 	WindowRendererFactory 'Core/TabControl' added. (0911FE10)
06/06/2021 20:07:09 (Std) 	Created WindowRendererFactory for 'Core/Titlebar' WindowRenderers.
06/06/2021 20:07:09 (Std) 	WindowRendererFactory 'Core/Titlebar' added. (0911FBB8)
06/06/2021 20:07:09 (Std) 	Created WindowRendererFactory for 'Core/ToggleButton' WindowRenderers.
06/06/2021 20:07:09 (Std) 	WindowRendererFactory 'Core/ToggleButton' added. (09120518)
06/06/2021 20:07:09 (Std) 	Created WindowRendererFactory for 'Core/Tooltip' WindowRenderers.
06/06/2021 20:07:09 (Std) 	WindowRendererFactory 'Core/Tooltip' added. (0911F578)
06/06/2021 20:07:09 (Std) 	Created WindowRendererFactory for 'Core/ItemListbox' WindowRenderers.
06/06/2021 20:07:09 (Std) 	WindowRendererFactory 'Core/ItemListbox' added. (0911FC80)
06/06/2021 20:07:09 (Std) 	Created WindowRendererFactory for 'Core/Tree' WindowRenderers.
06/06/2021 20:07:09 (Std) 	WindowRendererFactory 'Core/Tree' added. (0911EE70)
06/06/2021 20:07:09 (Std) 	Creating falagard mapping for type 'TaharezLook/Label' using base type 'DefaultWindow', window renderer 'Core/Default' Look'N'Feel 'TaharezLook/Label' and RenderEffect ''. (00EFCED0)
06/06/2021 20:07:09 (Std) 	Creating falagard mapping for type 'TaharezLook/Button' using base type 'CEGUI/PushButton', window renderer 'Core/Button' Look'N'Feel 'TaharezLook/Button' and RenderEffect ''. (00EFCED0)
06/06/2021 20:07:09 (Std) 	Creating falagard mapping for type 'TaharezLook/Checkbox' using base type 'CEGUI/ToggleButton', window renderer 'Core/ToggleButton' Look'N'Feel 'TaharezLook/Checkbox' and RenderEffect ''. (00EFCED0)
06/06/2021 20:07:09 (Std) 	Creating falagard mapping for type 'TaharezLook/ImageButton' using base type 'CEGUI/PushButton', window renderer 'Core/Button' Look'N'Feel 'TaharezLook/ImageButton' and RenderEffect ''. (00EFCED0)
06/06/2021 20:07:09 (Std) 	Creating falagard mapping for type 'TaharezLook/RadioButton' using base type 'CEGUI/RadioButton', window renderer 'Core/ToggleButton' Look'N'Feel 'TaharezLook/RadioButton' and RenderEffect ''. (00EFCED0)
06/06/2021 20:07:09 (Std) 	Creating falagard mapping for type 'TaharezLook/FrameWindow' using base type 'CEGUI/FrameWindow', window renderer 'Core/FrameWindow' Look'N'Feel 'TaharezLook/FrameWindow' and RenderEffect ''. (00EFCED0)
06/06/2021 20:07:09 (Std) 	Creating falagard mapping for type 'TaharezLook/Titlebar' using base type 'CEGUI/Titlebar', window renderer 'Core/Titlebar' Look'N'Feel 'TaharezLook/Titlebar' and RenderEffect ''. (00EFCED0)
06/06/2021 20:07:09 (Std) 	Creating falagard mapping for type 'TaharezLook/Editbox' using base type 'CEGUI/Editbox', window renderer 'Core/Editbox' Look'N'Feel 'TaharezLook/Editbox' and RenderEffect ''. (00EFCED0)
06/06/2021 20:07:09 (Std) 	Creating falagard mapping for type 'TaharezLook/MultiLineEditbox' using base type 'CEGUI/MultiLineEditbox', window renderer 'Core/MultiLineEditbox' Look'N'Feel 'TaharezLook/MultiLineEditbox' and RenderEffect ''. (00EFCED0)
06/06/2021 20:07:09 (Std) 	Creating falagard mapping for type 'TaharezLook/Menubar' using base type 'CEGUI/Menubar', window renderer 'Core/Menubar' Look'N'Feel 'TaharezLook/Menubar' and RenderEffect ''. (00EFCED0)
06/06/2021 20:07:09 (Std) 	Creating falagard mapping for type 'TaharezLook/PopupMenu' using base type 'CEGUI/PopupMenu', window renderer 'Core/PopupMenu' Look'N'Feel 'TaharezLook/PopupMenu' and RenderEffect ''. (00EFCED0)
06/06/2021 20:07:09 (Std) 	Creating falagard mapping for type 'TaharezLook/MenuItem' using base type 'CEGUI/MenuItem', window renderer 'Core/MenuItem' Look'N'Feel 'TaharezLook/MenuItem' and RenderEffect ''. (00EFCED0)
06/06/2021 20:07:09 (Std) 	Creating falagard mapping for type 'TaharezLook/AlternateProgressBar' using base type 'CEGUI/ProgressBar', window renderer 'Core/ProgressBar' Look'N'Feel 'TaharezLook/AltProgressBar' and RenderEffect ''. (00EFCED0)
06/06/2021 20:07:09 (Std) 	Creating falagard mapping for type 'TaharezLook/ProgressBar' using base type 'CEGUI/ProgressBar', window renderer 'Core/ProgressBar' Look'N'Feel 'TaharezLook/ProgressBar' and RenderEffect ''. (00EFCED0)
06/06/2021 20:07:09 (Std) 	Creating falagard mapping for type 'TaharezLook/VUMeter' using base type 'CEGUI/ProgressBar', window renderer 'Core/ProgressBar' Look'N'Feel 'TaharezLook/VUMeter' and RenderEffect ''. (00EFCED0)
06/06/2021 20:07:09 (Std) 	Creating falagard mapping for type 'TaharezLook/VerticalScrollbar' using base type 'CEGUI/Scrollbar', window renderer 'Core/Scrollbar' Look'N'Feel 'TaharezLook/VerticalScrollbar' and RenderEffect ''. (00EFCED0)
06/06/2021 20:07:09 (Std) 	Creating falagard mapping for type 'TaharezLook/HorizontalScrollbar' using base type 'CEGUI/Scrollbar', window renderer 'Core/Scrollbar' Look'N'Feel 'TaharezLook/HorizontalScrollbar' and RenderEffect ''. (00EFCED0)
06/06/2021 20:07:09 (Std) 	Creating falagard mapping for type 'TaharezLook/VerticalScrollbarThumb' using base type 'CEGUI/Thumb', window renderer 'Core/Button' Look'N'Feel 'TaharezLook/VerticalScrollbarThumb' and RenderEffect ''. (00EFCED0)
06/06/2021 20:07:09 (Std) 	Creating falagard mapping for type 'TaharezLook/HorizontalScrollbarThumb' using base type 'CEGUI/Thumb', window renderer 'Core/Button' Look'N'Feel 'TaharezLook/HorizontalScrollbarThumb' and RenderEffect ''. (00EFCED0)
06/06/2021 20:07:09 (Std) 	Creating falagard mapping for type 'TaharezLook/LargeVerticalScrollbar' using base type 'CEGUI/Scrollbar', window renderer 'Core/Scrollbar' Look'N'Feel 'TaharezLook/LargeVerticalScrollbar' and RenderEffect ''. (00EFCED0)
06/06/2021 20:07:09 (Std) 	Creating falagard mapping for type 'TaharezLook/LargeVerticalScrollbarThumb' using base type 'CEGUI/Thumb', window renderer 'Core/Button' Look'N'Feel 'TaharezLook/LargeVerticalScrollbarThumb' and RenderEffect ''. (00EFCED0)
06/06/2021 20:07:09 (Std) 	Creating falagard mapping for type 'TaharezLook/TabButton' using base type 'CEGUI/TabButton', window renderer 'Core/TabButton' Look'N'Feel 'TaharezLook/TabButton' and RenderEffect ''. (00EFCED0)
06/06/2021 20:07:09 (Std) 	Creating falagard mapping for type 'TaharezLook/TabControl' using base type 'CEGUI/TabControl', window renderer 'Core/TabControl' Look'N'Feel 'TaharezLook/TabControl' and RenderEffect ''. (00EFCED0)
06/06/2021 20:07:09 (Std) 	Creating falagard mapping for type 'TaharezLook/TabContentPane' using base type 'DefaultWindow', window renderer 'Core/Default' Look'N'Feel 'TaharezLook/TabContentPane' and RenderEffect ''. (00EFCED0)
06/06/2021 20:07:09 (Std) 	Creating falagard mapping for type 'TaharezLook/TabButtonPane' using base type 'DefaultWindow', window renderer 'Core/Default' Look'N'Feel 'TaharezLook/TabButtonPane' and RenderEffect ''. (00EFCED0)
06/06/2021 20:07:09 (Std) 	Creating falagard mapping for type 'TaharezLook/ComboDropList' using base type 'CEGUI/ComboDropList', window renderer 'Core/Listbox' Look'N'Feel 'TaharezLook/ComboDropList' and RenderEffect ''. (00EFCED0)
06/06/2021 20:07:09 (Std) 	Creating falagard mapping for type 'TaharezLook/ComboEditbox' using base type 'CEGUI/Editbox', window renderer 'Core/Editbox' Look'N'Feel 'TaharezLook/ComboEditbox' and RenderEffect ''. (00EFCED0)
06/06/2021 20:07:09 (Std) 	Creating falagard mapping for type 'TaharezLook/Combobox' using base type 'CEGUI/Combobox', window renderer 'Core/Default' Look'N'Feel 'TaharezLook/Combobox' and RenderEffect ''. (00EFCED0)
06/06/2021 20:07:09 (Std) 	Creating falagard mapping for type 'TaharezLook/Listbox' using base type 'CEGUI/Listbox', window renderer 'Core/Listbox' Look'N'Feel 'TaharezLook/Listbox' and RenderEffect ''. (00EFCED0)
06/06/2021 20:07:09 (Std) 	Creating falagard mapping for type 'TaharezLook/ListHeader' using base type 'CEGUI/ListHeader', window renderer 'Core/ListHeader' Look'N'Feel 'TaharezLook/ListHeader' and RenderEffect ''. (00EFCED0)
06/06/2021 20:07:09 (Std) 	Creating falagard mapping for type 'TaharezLook/ListHeaderSegment' using base type 'CEGUI/ListHeaderSegment', window renderer 'Core/ListHeaderSegment' Look'N'Feel 'TaharezLook/ListHeaderSegment' and RenderEffect ''. (00EFCED0)
06/06/2021 20:07:09 (Std) 	Creating falagard mapping for type 'TaharezLook/MultiColumnList' using base type 'CEGUI/MultiColumnList', window renderer 'Core/MultiColumnList' Look'N'Feel 'TaharezLook/MultiColumnList' and RenderEffect ''. (00EFCED0)
06/06/2021 20:07:09 (Std) 	Creating falagard mapping for type 'TaharezLook/Slider' using base type 'CEGUI/Slider', window renderer 'Core/Slider' Look'N'Feel 'TaharezLook/Slider' and RenderEffect ''. (00EFCED0)
06/06/2021 20:07:09 (Std) 	Creating falagard mapping for type 'TaharezLook/SliderThumb' using base type 'CEGUI/Thumb', window renderer 'Core/Button' Look'N'Feel 'TaharezLook/SliderThumb' and RenderEffect ''. (00EFCED0)
06/06/2021 20:07:09 (Std) 	Creating falagard mapping for type 'TaharezLook/ScrollablePane' using base type 'CEGUI/ScrollablePane', window renderer 'Core/ScrollablePane' Look'N'Feel 'TaharezLook/ScrollablePane' and RenderEffect ''. (00EFCED0)
06/06/2021 20:07:09 (Std) 	Creating falagard mapping for type 'TaharezLook/Spinner' using base type 'CEGUI/Spinner', window renderer 'Core/Default' Look'N'Feel 'TaharezLook/Spinner' and RenderEffect ''. (00EFCED0)
06/06/2021 20:07:09 (Std) 	Creating falagard mapping for type 'TaharezLook/Tooltip' using base type 'CEGUI/Tooltip', window renderer 'Core/Tooltip' Look'N'Feel 'TaharezLook/Tooltip' and RenderEffect ''. (00EFCED0)
06/06/2021 20:07:09 (Std) 	Creating falagard mapping for type 'TaharezLook/StaticImage' using base type 'DefaultWindow', window renderer 'Core/StaticImage' Look'N'Feel 'TaharezLook/StaticImage' and RenderEffect ''. (00EFCED0)
06/06/2021 20:07:09 (Std) 	Creating falagard mapping for type 'TaharezLook/StaticText' using base type 'DefaultWindow', window renderer 'Core/StaticText' Look'N'Feel 'TaharezLook/StaticText' and RenderEffect ''. (00EFCED0)
06/06/2021 20:07:09 (Std) 	Creating falagard mapping for type 'TaharezLook/ItemListbox' using base type 'CEGUI/ItemListbox', window renderer 'Core/ItemListbox' Look'N'Feel 'TaharezLook/ItemListbox' and RenderEffect ''. (00EFCED0)
06/06/2021 20:07:09 (Std) 	Creating falagard mapping for type 'TaharezLook/ListboxItem' using base type 'CEGUI/ItemEntry', window renderer 'Core/ItemEntry' Look'N'Feel 'TaharezLook/ListboxItem' and RenderEffect ''. (00EFCED0)
06/06/2021 20:07:09 (Std) 	Creating falagard mapping for type 'TaharezLook/GroupBox' using base type 'DefaultWindow', window renderer 'Core/Default' Look'N'Feel 'TaharezLook/GroupBox' and RenderEffect ''. (00EFCED0)
06/06/2021 20:07:09 (Std) 	Creating falagard mapping for type 'TaharezLook/Tree' using base type 'CEGUI/Tree', window renderer 'Core/Tree' Look'N'Feel 'TaharezLook/Tree' and RenderEffect ''. (00EFCED0)
06/06/2021 20:07:09 (Std) 	Started creation of Scheme from XML specification:
06/06/2021 20:07:09 (Std) 	---- CEGUI GUIScheme name: AlfiskoSkin
06/06/2021 20:07:09 (Std) 	[ImageManager] Started creation of Imageset from XML specification:
06/06/2021 20:07:09 (Std) 	[ImageManager] ---- CEGUI Imageset name: AlfiskoSkin
06/06/2021 20:07:09 (Std) 	[ImageManager] ---- Source texture file: AlfiskoSkin.png
06/06/2021 20:07:09 (Std) 	[ImageManager] ---- Source texture resource group: (Default)
06/06/2021 20:07:09 (Std) 	[OpenGLRenderer] Created texture: AlfiskoSkin
06/06/2021 20:07:09 (Std) 	[ImageManager] Created image: 'AlfiskoSkin/WindowB' (0914AAE8) of type: BasicImage
06/06/2021 20:07:09 (Std) 	[ImageManager] Created image: 'AlfiskoSkin/WindowL' (0914A688) of type: BasicImage
06/06/2021 20:07:09 (Std) 	[ImageManager] Created image: 'AlfiskoSkin/WindowR' (09149EE0) of type: BasicImage
06/06/2021 20:07:09 (Std) 	[ImageManager] Created image: 'AlfiskoSkin/WindowT' (0914A7A0) of type: BasicImage
06/06/2021 20:07:09 (Std) 	[ImageManager] Created image: 'AlfiskoSkin/EditboxB' (0914B3A8) of type: BasicImage
06/06/2021 20:07:09 (Std) 	[ImageManager] Created image: 'AlfiskoSkin/EditboxL' (0914A8B8) of type: BasicImage
06/06/2021 20:07:09 (Std) 	[ImageManager] Created image: 'AlfiskoSkin/EditboxR' (0914AC00) of type: BasicImage
06/06/2021 20:07:09 (Std) 	[ImageManager] Created image: 'AlfiskoSkin/EditboxT' (0914B178) of type: BasicImage
06/06/2021 20:07:09 (Std) 	[ImageManager] Created image: 'AlfiskoSkin/WindowBL' (09149DC8) of type: BasicImage
06/06/2021 20:07:09 (Std) 	[ImageManager] Created image: 'AlfiskoSkin/WindowBR' (0914B5D8) of type: BasicImage
06/06/2021 20:07:09 (Std) 	[ImageManager] Created image: 'AlfiskoSkin/WindowTL' (0914B060) of type: BasicImage
06/06/2021 20:07:09 (Std) 	[ImageManager] Created image: 'AlfiskoSkin/WindowTR' (09149B98) of type: BasicImage
06/06/2021 20:07:09 (Std) 	[ImageManager] Created image: 'AlfiskoSkin/EditboxBL' (09149A80) of type: BasicImage
06/06/2021 20:07:09 (Std) 	[ImageManager] Created image: 'AlfiskoSkin/EditboxBR' (0914B290) of type: BasicImage
06/06/2021 20:07:09 (Std) 	[ImageManager] Created image: 'AlfiskoSkin/EditboxTL' (0914A228) of type: BasicImage
06/06/2021 20:07:09 (Std) 	[ImageManager] Created image: 'AlfiskoSkin/EditboxTR' (09149CB0) of type: BasicImage
06/06/2021 20:07:09 (Std) 	[ImageManager] Created image: 'AlfiskoSkin/MouseMove' (09149FF8) of type: BasicImage
06/06/2021 20:07:09 (Std) 	[ImageManager] Created image: 'AlfiskoSkin/MouseNeSw' (0914A110) of type: BasicImage
06/06/2021 20:07:09 (Std) 	[ImageManager] Created image: 'AlfiskoSkin/NewImage1' (091486D0) of type: BasicImage
06/06/2021 20:07:09 (Std) 	[ImageManager] Created image: 'AlfiskoSkin/MouseArrow' (09148C48) of type: BasicImage
06/06/2021 20:07:09 (Std) 	[ImageManager] Created image: 'AlfiskoSkin/WindowFill' (091492D8) of type: BasicImage
06/06/2021 20:07:09 (Std) 	[ImageManager] Created image: 'AlfiskoSkin/EditboxFill' (09147898) of type: BasicImage
06/06/2021 20:07:09 (Std) 	[ImageManager] Created image: 'AlfiskoSkin/WindowClipB' (09149968) of type: BasicImage
06/06/2021 20:07:09 (Std) 	[ImageManager] Created image: 'AlfiskoSkin/WindowClipL' (09149850) of type: BasicImage
06/06/2021 20:07:09 (Std) 	[ImageManager] Created image: 'AlfiskoSkin/WindowClipR' (091487E8) of type: BasicImage
06/06/2021 20:07:09 (Std) 	[ImageManager] Created image: 'AlfiskoSkin/WindowClipT' (091484A0) of type: BasicImage
06/06/2021 20:07:09 (Std) 	[ImageManager] Created image: 'AlfiskoSkin/ButtonHoverB' (09148D60) of type: BasicImage
06/06/2021 20:07:09 (Std) 	[ImageManager] Created image: 'AlfiskoSkin/ButtonHoverL' (091485B8) of type: BasicImage
06/06/2021 20:07:09 (Std) 	[ImageManager] Created image: 'AlfiskoSkin/ButtonHoverR' (09149738) of type: BasicImage
06/06/2021 20:07:09 (Std) 	[ImageManager] Created image: 'AlfiskoSkin/ButtonHoverT' (09147780) of type: BasicImage
06/06/2021 20:07:09 (Std) 	[ImageManager] Created image: 'AlfiskoSkin/GenericBrush' (091479B0) of type: BasicImage
06/06/2021 20:07:09 (Std) 	[ImageManager] Created image: 'AlfiskoSkin/MouseTextBar' (09147AC8) of type: BasicImage
06/06/2021 20:07:09 (Std) 	[ImageManager] Created image: 'AlfiskoSkin/ButtonHoverBL' (09147BE0) of type: BasicImage
06/06/2021 20:07:09 (Std) 	[ImageManager] Created image: 'AlfiskoSkin/ButtonHoverBR' (09148900) of type: BasicImage
06/06/2021 20:07:09 (Std) 	[ImageManager] Created image: 'AlfiskoSkin/ButtonHoverTL' (09147CF8) of type: BasicImage
06/06/2021 20:07:09 (Std) 	[ImageManager] Created image: 'AlfiskoSkin/ButtonHoverTR' (09149620) of type: BasicImage
06/06/2021 20:07:09 (Std) 	[ImageManager] Created image: 'AlfiskoSkin/ButtonNormalB' (09147E10) of type: BasicImage
06/06/2021 20:07:09 (Std) 	[ImageManager] Created image: 'AlfiskoSkin/ButtonNormalL' (09147F28) of type: BasicImage
06/06/2021 20:07:09 (Std) 	[ImageManager] Created image: 'AlfiskoSkin/ButtonNormalR' (09148A18) of type: BasicImage
06/06/2021 20:07:09 (Std) 	[ImageManager] Created image: 'AlfiskoSkin/ButtonNormalT' (09148B30) of type: BasicImage
06/06/2021 20:07:09 (Std) 	[ImageManager] Created image: 'AlfiskoSkin/ButtonPushedB' (09148040) of type: BasicImage
06/06/2021 20:07:09 (Std) 	[ImageManager] Created image: 'AlfiskoSkin/ButtonPushedL' (09148158) of type: BasicImage
06/06/2021 20:07:09 (Std) 	[ImageManager] Created image: 'AlfiskoSkin/ButtonPushedR' (09148270) of type: BasicImage
06/06/2021 20:07:09 (Std) 	[ImageManager] Created image: 'AlfiskoSkin/ButtonPushedT' (09148E78) of type: BasicImage
06/06/2021 20:07:09 (Std) 	[ImageManager] Created image: 'AlfiskoSkin/CheckboxHover' (09148F90) of type: BasicImage
06/06/2021 20:07:09 (Std) 	[ImageManager] Created image: 'AlfiskoSkin/ProgressFullB' (091490A8) of type: BasicImage
06/06/2021 20:07:09 (Std) 	[ImageManager] Created image: 'AlfiskoSkin/ProgressFullL' (091491C0) of type: BasicImage
06/06/2021 20:07:09 (Std) 	[ImageManager] Created image: 'AlfiskoSkin/ProgressFullR' (09148388) of type: BasicImage
06/06/2021 20:07:09 (Std) 	[ImageManager] Created image: 'AlfiskoSkin/ProgressFullT' (091493F0) of type: BasicImage
06/06/2021 20:07:09 (Std) 	[ImageManager] Created image: 'AlfiskoSkin/ScrollUpHover' (0914A9D0) of type: BasicImage
06/06/2021 20:07:09 (Std) 	[ImageManager] Created image: 'AlfiskoSkin/ButtonNormalBL' (09149508) of type: BasicImage
06/06/2021 20:07:09 (Std) 	[ImageManager] Created image: 'AlfiskoSkin/ButtonNormalBR' (09288EB8) of type: BasicImage
06/06/2021 20:07:09 (Std) 	[ImageManager] Created image: 'AlfiskoSkin/ButtonNormalTL' (09289CF0) of type: BasicImage
06/06/2021 20:07:09 (Std) 	[ImageManager] Created image: 'AlfiskoSkin/ButtonNormalTR' (092890E8) of type: BasicImage
06/06/2021 20:07:09 (Std) 	[ImageManager] Created image: 'AlfiskoSkin/ButtonPushedBL' (09289890) of type: BasicImage
06/06/2021 20:07:09 (Std) 	[ImageManager] Created image: 'AlfiskoSkin/ButtonPushedBR' (09288DA0) of type: BasicImage
06/06/2021 20:07:09 (Std) 	[ImageManager] Created image: 'AlfiskoSkin/ButtonPushedTL' (09288FD0) of type: BasicImage
06/06/2021 20:07:09 (Std) 	[ImageManager] Created image: 'AlfiskoSkin/ButtonPushedTR' (09288B70) of type: BasicImage
06/06/2021 20:07:09 (Std) 	[ImageManager] Created image: 'AlfiskoSkin/CheckboxNormal' (09289430) of type: BasicImage
06/06/2021 20:07:09 (Std) 	[ImageManager] Created image: 'AlfiskoSkin/HorzScrollbarB' (09288C88) of type: BasicImage
06/06/2021 20:07:09 (Std) 	[ImageManager] Created image: 'AlfiskoSkin/HorzScrollbarT' (092883C8) of type: BasicImage
06/06/2021 20:07:09 (Std) 	[ImageManager] Created image: 'AlfiskoSkin/ProgressEmptyB' (09289200) of type: BasicImage
06/06/2021 20:07:09 (Std) 	[ImageManager] Created image: 'AlfiskoSkin/ProgressEmptyL' (09289318) of type: BasicImage
06/06/2021 20:07:09 (Std) 	[ImageManager] Created image: 'AlfiskoSkin/ProgressEmptyR' (09288940) of type: BasicImage
06/06/2021 20:07:09 (Std) 	[ImageManager] Created image: 'AlfiskoSkin/ProgressEmptyT' (092884E0) of type: BasicImage
06/06/2021 20:07:09 (Std) 	[ImageManager] Created image: 'AlfiskoSkin/ProgressFullBL' (09289548) of type: BasicImage
06/06/2021 20:07:09 (Std) 	[ImageManager] Created image: 'AlfiskoSkin/ProgressFullBR' (092882B0) of type: BasicImage
06/06/2021 20:07:09 (Std) 	[ImageManager] Created image: 'AlfiskoSkin/ProgressFullTL' (092885F8) of type: BasicImage
06/06/2021 20:07:09 (Std) 	[ImageManager] Created image: 'AlfiskoSkin/ProgressFullTR' (09289660) of type: BasicImage
06/06/2021 20:07:09 (Std) 	[ImageManager] Created image: 'AlfiskoSkin/ProgressShadow' (092899A8) of type: BasicImage
06/06/2021 20:07:09 (Std) 	[ImageManager] Created image: 'AlfiskoSkin/ScrollUpNormal' (09289778) of type: BasicImage
06/06/2021 20:07:09 (Std) 	[ImageManager] Created image: 'AlfiskoSkin/ScrollUpPushed' (09289AC0) of type: BasicImage
06/06/2021 20:07:09 (Std) 	[ImageManager] Created image: 'AlfiskoSkin/TitlebarDummy1' (09289BD8) of type: BasicImage
06/06/2021 20:07:09 (Std) 	[ImageManager] Created image: 'AlfiskoSkin/VertScrollbarL' (09289E08) of type: BasicImage
06/06/2021 20:07:09 (Std) 	[ImageManager] Created image: 'AlfiskoSkin/VertScrollbarR' (09289F20) of type: BasicImage
06/06/2021 20:07:09 (Std) 	[ImageManager] Created image: 'AlfiskoSkin/CheckboxChecked' (0928A038) of type: BasicImage
06/06/2021 20:07:09 (Std) 	[ImageManager] Created image: 'AlfiskoSkin/HorzThumbHoverB' (09288A58) of type: BasicImage
06/06/2021 20:07:09 (Std) 	[ImageManager] Created image: 'AlfiskoSkin/HorzThumbHoverT' (0928A150) of type: BasicImage
06/06/2021 20:07:09 (Std) 	[ImageManager] Created image: 'AlfiskoSkin/ProgressEmptyBL' (09288710) of type: BasicImage
06/06/2021 20:07:09 (Std) 	[ImageManager] Created image: 'AlfiskoSkin/ProgressEmptyBR' (09288828) of type: BasicImage
06/06/2021 20:07:09 (Std) 	[ImageManager] Created image: 'AlfiskoSkin/ProgressEmptyTL' (099AEB40) of type: BasicImage
06/06/2021 20:07:09 (Std) 	[ImageManager] Created image: 'AlfiskoSkin/ProgressEmptyTR' (099AE7F8) of type: BasicImage
06/06/2021 20:07:09 (Std) 	[ImageManager] Created image: 'AlfiskoSkin/ScrollDownHover' (099AEFA0) of type: BasicImage
06/06/2021 20:07:09 (Std) 	[ImageManager] Created image: 'AlfiskoSkin/ScrollLeftHover' (099AFCC0) of type: BasicImage
06/06/2021 20:07:09 (Std) 	[ImageManager] Created image: 'AlfiskoSkin/TitlebarActiveB' (099AF748) of type: BasicImage
06/06/2021 20:07:09 (Std) 	[ImageManager] Created image: 'AlfiskoSkin/TitlebarActiveL' (099AE910) of type: BasicImage
06/06/2021 20:07:09 (Std) 	[ImageManager] Created image: 'AlfiskoSkin/TitlebarActiveR' (099AFEF0) of type: BasicImage
06/06/2021 20:07:09 (Std) 	[ImageManager] Created image: 'AlfiskoSkin/TitlebarActiveT' (099AE4B0) of type: BasicImage
06/06/2021 20:07:09 (Std) 	[ImageManager] Created image: 'AlfiskoSkin/VertThumbHoverL' (099AE050) of type: BasicImage
06/06/2021 20:07:09 (Std) 	[ImageManager] Created image: 'AlfiskoSkin/VertThumbHoverR' (099AED70) of type: BasicImage
06/06/2021 20:07:09 (Std) 	[ImageManager] Created image: 'AlfiskoSkin/ButtonHoverFill1' (099AE398) of type: BasicImage
06/06/2021 20:07:09 (Std) 	[ImageManager] Created image: 'AlfiskoSkin/ButtonHoverFill2' (099AEC58) of type: BasicImage
06/06/2021 20:07:09 (Std) 	[ImageManager] Created image: 'AlfiskoSkin/HorzSliderTrackL' (099AFBA8) of type: BasicImage
06/06/2021 20:07:09 (Std) 	[ImageManager] Created image: 'AlfiskoSkin/HorzSliderTrackR' (099AEA28) of type: BasicImage
06/06/2021 20:07:09 (Std) 	[ImageManager] Created image: 'AlfiskoSkin/HorzThumbHoverBL' (099AEE88) of type: BasicImage
06/06/2021 20:07:09 (Std) 	[ImageManager] Created image: 'AlfiskoSkin/HorzThumbHoverBR' (099AFDD8) of type: BasicImage
06/06/2021 20:07:09 (Std) 	[ImageManager] Created image: 'AlfiskoSkin/HorzThumbHoverTL' (099AF400) of type: BasicImage
06/06/2021 20:07:09 (Std) 	[ImageManager] Created image: 'AlfiskoSkin/HorzThumbHoverTR' (099AF518) of type: BasicImage
06/06/2021 20:07:09 (Std) 	[ImageManager] Created image: 'AlfiskoSkin/HorzThumbNormalB' (099AF2E8) of type: BasicImage
06/06/2021 20:07:09 (Std) 	[ImageManager] Created image: 'AlfiskoSkin/HorzThumbNormalT' (099AE5C8) of type: BasicImage
06/06/2021 20:07:09 (Std) 	[ImageManager] Created image: 'AlfiskoSkin/HorzThumbPushedB' (099AF630) of type: BasicImage
06/06/2021 20:07:09 (Std) 	[ImageManager] Created image: 'AlfiskoSkin/HorzThumbPushedT' (099AE168) of type: BasicImage
06/06/2021 20:07:09 (Std) 	[ImageManager] Created image: 'AlfiskoSkin/HorzThumbShadowL' (099AF0B8) of type: BasicImage
06/06/2021 20:07:09 (Std) 	[ImageManager] Created image: 'AlfiskoSkin/HorzThumbShadowR' (099AF860) of type: BasicImage
06/06/2021 20:07:09 (Std) 	[ImageManager] Created image: 'AlfiskoSkin/ProgressFullFill' (099AF1D0) of type: BasicImage
06/06/2021 20:07:09 (Std) 	[ImageManager] Created image: 'AlfiskoSkin/RadioButtonHover' (099AF978) of type: BasicImage
06/06/2021 20:07:09 (Std) 	[ImageManager] Created image: 'AlfiskoSkin/ScrollDownNormal' (099AE6E0) of type: BasicImage
06/06/2021 20:07:09 (Std) 	[ImageManager] Created image: 'AlfiskoSkin/ScrollDownPushed' (099AFA90) of type: BasicImage
06/06/2021 20:07:09 (Std) 	[ImageManager] Created image: 'AlfiskoSkin/ScrollLeftNormal' (099AE280) of type: BasicImage
06/06/2021 20:07:09 (Std) 	[ImageManager] Created image: 'AlfiskoSkin/ScrollLeftPushed' (099B1EF8) of type: BasicImage
06/06/2021 20:07:09 (Std) 	[ImageManager] Created image: 'AlfiskoSkin/ScrollRightHover' (099B1750) of type: BasicImage
06/06/2021 20:07:09 (Std) 	[ImageManager] Created image: 'AlfiskoSkin/TitlebarActiveBL' (099B05D0) of type: BasicImage
06/06/2021 20:07:09 (Std) 	[ImageManager] Created image: 'AlfiskoSkin/TitlebarActiveBR' (099B1A98) of type: BasicImage
06/06/2021 20:07:09 (Std) 	[ImageManager] Created image: 'AlfiskoSkin/TitlebarActiveTL' (099B0E90) of type: BasicImage
06/06/2021 20:07:09 (Std) 	[ImageManager] Created image: 'AlfiskoSkin/TitlebarActiveTR' (099B0800) of type: BasicImage
06/06/2021 20:07:09 (Std) 	[ImageManager] Created image: 'AlfiskoSkin/VertSliderTrackB' (099B1638) of type: BasicImage
06/06/2021 20:07:09 (Std) 	[ImageManager] Created image: 'AlfiskoSkin/VertSliderTrackT' (099B1868) of type: BasicImage
06/06/2021 20:07:09 (Std) 	[ImageManager] Created image: 'AlfiskoSkin/VertThumbHoverBL' (099B1980) of type: BasicImage
06/06/2021 20:07:10 (Std) 	[ImageManager] Created image: 'AlfiskoSkin/VertThumbHoverBR' (099B12F0) of type: BasicImage
06/06/2021 20:07:10 (Std) 	[ImageManager] Created image: 'AlfiskoSkin/VertThumbHoverTL' (099B10C0) of type: BasicImage
06/06/2021 20:07:10 (Std) 	[ImageManager] Created image: 'AlfiskoSkin/VertThumbHoverTR' (099B1BB0) of type: BasicImage
06/06/2021 20:07:10 (Std) 	[ImageManager] Created image: 'AlfiskoSkin/VertThumbNormalL' (099B1CC8) of type: BasicImage
06/06/2021 20:07:10 (Std) 	[ImageManager] Created image: 'AlfiskoSkin/VertThumbNormalR' (099B1408) of type: BasicImage
06/06/2021 20:07:10 (Std) 	[ImageManager] Created image: 'AlfiskoSkin/VertThumbPushedL' (099B06E8) of type: BasicImage
06/06/2021 20:07:10 (Std) 	[ImageManager] Created image: 'AlfiskoSkin/VertThumbPushedR' (099B0918) of type: BasicImage
06/06/2021 20:07:10 (Std) 	[ImageManager] Created image: 'AlfiskoSkin/VertThumbShadowB' (099B1520) of type: BasicImage
06/06/2021 20:07:10 (Std) 	[ImageManager] Created image: 'AlfiskoSkin/VertThumbShadowT' (099B03A0) of type: BasicImage
06/06/2021 20:07:10 (Std) 	[ImageManager] Created image: 'AlfiskoSkin/ButtonNormalFill1' (099B0A30) of type: BasicImage
06/06/2021 20:07:10 (Std) 	[ImageManager] Created image: 'AlfiskoSkin/ButtonNormalFill2' (099B11D8) of type: BasicImage
06/06/2021 20:07:10 (Std) 	[ImageManager] Created image: 'AlfiskoSkin/ButtonPushedFill1' (099B0B48) of type: BasicImage
06/06/2021 20:07:10 (Std) 	[ImageManager] Created image: 'AlfiskoSkin/ButtonPushedFill2' (099B0FA8) of type: BasicImage
06/06/2021 20:07:10 (Std) 	[ImageManager] Created image: 'AlfiskoSkin/CloseButtonNormal' (099B1DE0) of type: BasicImage
06/06/2021 20:07:10 (Std) 	[ImageManager] Created image: 'AlfiskoSkin/CloseButtonPushed' (099B0058) of type: BasicImage
06/06/2021 20:07:10 (Std) 	[ImageManager] Created image: 'AlfiskoSkin/HorzSliderShadowL' (099B0170) of type: BasicImage
06/06/2021 20:07:10 (Std) 	[ImageManager] Created image: 'AlfiskoSkin/HorzSliderShadowR' (099B0288) of type: BasicImage
06/06/2021 20:07:10 (Std) 	[ImageManager] Created image: 'AlfiskoSkin/HorzThumbNormalBL' (099B04B8) of type: BasicImage
06/06/2021 20:07:10 (Std) 	[ImageManager] Created image: 'AlfiskoSkin/HorzThumbNormalBR' (099B0C60) of type: BasicImage
06/06/2021 20:07:10 (Std) 	[ImageManager] Created image: 'AlfiskoSkin/HorzThumbNormalTL' (099B0D78) of type: BasicImage
06/06/2021 20:07:10 (Std) 	[ImageManager] Created image: 'AlfiskoSkin/HorzThumbNormalTR' (099B45E0) of type: BasicImage
06/06/2021 20:07:10 (Std) 	[ImageManager] Created image: 'AlfiskoSkin/HorzThumbPushedBL' (099B5878) of type: BasicImage
06/06/2021 20:07:10 (Std) 	[ImageManager] Created image: 'AlfiskoSkin/HorzThumbPushedBR' (099B4A40) of type: BasicImage
06/06/2021 20:07:10 (Std) 	[ImageManager] Created image: 'AlfiskoSkin/HorzThumbPushedTL' (099B4EA0) of type: BasicImage
06/06/2021 20:07:10 (Std) 	[ImageManager] Created image: 'AlfiskoSkin/HorzThumbPushedTR' (099B5BC0) of type: BasicImage
06/06/2021 20:07:10 (Std) 	[ImageManager] Created image: 'AlfiskoSkin/ProgressEmptyFill' (099B4B58) of type: BasicImage
06/06/2021 20:07:10 (Std) 	[ImageManager] Created image: 'AlfiskoSkin/RadioButtonNormal' (099B5760) of type: BasicImage
06/06/2021 20:07:10 (Std) 	[ImageManager] Created image: 'AlfiskoSkin/ScrollRightNormal' (099B5CD8) of type: BasicImage
06/06/2021 20:07:10 (Std) 	[ImageManager] Created image: 'AlfiskoSkin/ScrollRightPushed' (099B4298) of type: BasicImage
06/06/2021 20:07:10 (Std) 	[ImageManager] Created image: 'AlfiskoSkin/TitlebarInactiveB' (099B4810) of type: BasicImage
06/06/2021 20:07:10 (Std) 	[ImageManager] Created image: 'AlfiskoSkin/TitlebarInactiveL' (099B4928) of type: BasicImage
06/06/2021 20:07:10 (Std) 	[ImageManager] Created image: 'AlfiskoSkin/TitlebarInactiveR' (099B5300) of type: BasicImage
06/06/2021 20:07:10 (Std) 	[ImageManager] Created image: 'AlfiskoSkin/TitlebarInactiveT' (099B43B0) of type: BasicImage
06/06/2021 20:07:10 (Std) 	[ImageManager] Created image: 'AlfiskoSkin/VertSliderShadowB' (099B44C8) of type: BasicImage
06/06/2021 20:07:10 (Std) 	[ImageManager] Created image: 'AlfiskoSkin/VertSliderShadowT' (099B50D0) of type: BasicImage
06/06/2021 20:07:10 (Std) 	[ImageManager] Created image: 'AlfiskoSkin/VertThumbNormalBL' (099B51E8) of type: BasicImage
06/06/2021 20:07:10 (Std) 	[ImageManager] Created image: 'AlfiskoSkin/VertThumbNormalBR' (099B4C70) of type: BasicImage
06/06/2021 20:07:10 (Std) 	[ImageManager] Created image: 'AlfiskoSkin/VertThumbNormalTL' (099B4FB8) of type: BasicImage
06/06/2021 20:07:10 (Std) 	[ImageManager] Created image: 'AlfiskoSkin/VertThumbNormalTR' (099B4D88) of type: BasicImage
06/06/2021 20:07:10 (Std) 	[ImageManager] Created image: 'AlfiskoSkin/VertThumbPushedBL' (099B5DF0) of type: BasicImage
06/06/2021 20:07:10 (Std) 	[ImageManager] Created image: 'AlfiskoSkin/VertThumbPushedBR' (099B5AA8) of type: BasicImage
06/06/2021 20:07:10 (Std) 	[ImageManager] Created image: 'AlfiskoSkin/VertThumbPushedTL' (099B46F8) of type: BasicImage
06/06/2021 20:07:10 (Std) 	[ImageManager] Created image: 'AlfiskoSkin/VertThumbPushedTR' (099B5418) of type: BasicImage
06/06/2021 20:07:10 (Std) 	[ImageManager] Created image: 'AlfiskoSkin/HorzScrollbarFill1' (099B5990) of type: BasicImage
06/06/2021 20:07:10 (Std) 	[ImageManager] Created image: 'AlfiskoSkin/HorzScrollbarFill2' (099B5F08) of type: BasicImage
06/06/2021 20:07:10 (Std) 	[ImageManager] Created image: 'AlfiskoSkin/RadioButtonChecked' (099B5530) of type: BasicImage
06/06/2021 20:07:10 (Std) 	[ImageManager] Created image: 'AlfiskoSkin/TitlebarInactiveBL' (099B5648) of type: BasicImage
06/06/2021 20:07:10 (Std) 	[ImageManager] Created image: 'AlfiskoSkin/TitlebarInactiveBR' (099B4068) of type: BasicImage
06/06/2021 20:07:10 (Std) 	[ImageManager] Created image: 'AlfiskoSkin/TitlebarInactiveTL' (099B4180) of type: BasicImage
06/06/2021 20:07:10 (Std) 	[ImageManager] Created image: 'AlfiskoSkin/TitlebarInactiveTR' (09273770) of type: BasicImage
06/06/2021 20:07:10 (Std) 	[ImageManager] Created image: 'AlfiskoSkin/VertScrollbarFill1' (09273AB8) of type: BasicImage
06/06/2021 20:07:10 (Std) 	[ImageManager] Created image: 'AlfiskoSkin/VertScrollbarFill2' (092723C0) of type: BasicImage
06/06/2021 20:07:10 (Std) 	[ImageManager] Created image: 'AlfiskoSkin/HorzSliderTrackFill' (092724D8) of type: BasicImage
06/06/2021 20:07:10 (Std) 	[ImageManager] Created image: 'AlfiskoSkin/TitlebarActiveFill1' (092725F0) of type: BasicImage
06/06/2021 20:07:10 (Std) 	[ImageManager] Created image: 'AlfiskoSkin/TitlebarActiveFill2' (092722A8) of type: BasicImage
06/06/2021 20:07:10 (Std) 	[ImageManager] Created image: 'AlfiskoSkin/VertSliderTrackFill' (09274030) of type: BasicImage
06/06/2021 20:07:10 (Std) 	[ImageManager] Created image: 'AlfiskoSkin/HorzSliderThumbHover' (09272708) of type: BasicImage
06/06/2021 20:07:10 (Std) 	[ImageManager] Created image: 'AlfiskoSkin/VertSliderThumbHover' (09273F18) of type: BasicImage
06/06/2021 20:07:10 (Std) 	[ImageManager] Created image: 'AlfiskoSkin/HorzSliderThumbNormal' (09273888) of type: BasicImage
06/06/2021 20:07:10 (Std) 	[ImageManager] Created image: 'AlfiskoSkin/HorzSliderThumbPushed' (092739A0) of type: BasicImage
06/06/2021 20:07:10 (Std) 	[ImageManager] Created image: 'AlfiskoSkin/TitlebarInactiveFill1' (09273BD0) of type: BasicImage
06/06/2021 20:07:10 (Std) 	[ImageManager] Created image: 'AlfiskoSkin/TitlebarInactiveFill2' (09272820) of type: BasicImage
06/06/2021 20:07:10 (Std) 	[ImageManager] Created image: 'AlfiskoSkin/VertSliderThumbNormal' (09273E00) of type: BasicImage
06/06/2021 20:07:10 (Std) 	[ImageManager] Created image: 'AlfiskoSkin/VertSliderThumbPushed' (092730E0) of type: BasicImage
06/06/2021 20:07:10 (Std) 	---- Returning existing instance of Font named 'DejaVuSans-12'.
06/06/2021 20:07:10 (Std) 	===== Falagard 'root' element: look and feel parsing begins =====
06/06/2021 20:07:10 (Std) 	===== Look and feel parsing completed =====
06/06/2021 20:07:10 (Std) 	No window renderer factories specified for module 'CEGUICoreWindowRendererSet' - adding all available factories...
06/06/2021 20:07:10 (Std) 	Creating falagard mapping for type 'AlfiskoSkin/Label' using base type 'DefaultWindow', window renderer 'Core/Default' Look'N'Feel 'AlfiskoSkin/Label' and RenderEffect ''. (00EFCED0)
06/06/2021 20:07:10 (Std) 	Creating falagard mapping for type 'AlfiskoSkin/Button' using base type 'CEGUI/PushButton', window renderer 'Core/Button' Look'N'Feel 'AlfiskoSkin/Button' and RenderEffect ''. (00EFCED0)
06/06/2021 20:07:10 (Std) 	Creating falagard mapping for type 'AlfiskoSkin/ImageButton' using base type 'CEGUI/PushButton', window renderer 'Core/Button' Look'N'Feel 'AlfiskoSkin/ImageButton' and RenderEffect ''. (00EFCED0)
06/06/2021 20:07:10 (Std) 	Creating falagard mapping for type 'AlfiskoSkin/RadioButton' using base type 'CEGUI/RadioButton', window renderer 'Core/ToggleButton' Look'N'Feel 'AlfiskoSkin/RadioButton' and RenderEffect ''. (00EFCED0)
06/06/2021 20:07:10 (Std) 	Creating falagard mapping for type 'AlfiskoSkin/Checkbox' using base type 'CEGUI/ToggleButton', window renderer 'Core/ToggleButton' Look'N'Feel 'AlfiskoSkin/Checkbox' and RenderEffect ''. (00EFCED0)
06/06/2021 20:07:10 (Std) 	Creating falagard mapping for type 'AlfiskoSkin/Titlebar' using base type 'CEGUI/Titlebar', window renderer 'Core/Titlebar' Look'N'Feel 'AlfiskoSkin/Titlebar' and RenderEffect ''. (00EFCED0)
06/06/2021 20:07:10 (Std) 	Creating falagard mapping for type 'AlfiskoSkin/FrameWindow' using base type 'CEGUI/FrameWindow', window renderer 'Core/FrameWindow' Look'N'Feel 'AlfiskoSkin/FrameWindow' and RenderEffect ''. (00EFCED0)
06/06/2021 20:07:10 (Std) 	Creating falagard mapping for type 'AlfiskoSkin/Editbox' using base type 'CEGUI/Editbox', window renderer 'Core/Editbox' Look'N'Feel 'AlfiskoSkin/Editbox' and RenderEffect ''. (00EFCED0)
06/06/2021 20:07:10 (Std) 	Creating falagard mapping for type 'AlfiskoSkin/VerticalScrollbarThumb' using base type 'CEGUI/Thumb', window renderer 'Core/Button' Look'N'Feel 'AlfiskoSkin/VerticalScrollbarThumb' and RenderEffect ''. (00EFCED0)
06/06/2021 20:07:10 (Std) 	Creating falagard mapping for type 'AlfiskoSkin/VerticalScrollbar' using base type 'CEGUI/Scrollbar', window renderer 'Core/Scrollbar' Look'N'Feel 'AlfiskoSkin/VerticalScrollbar' and RenderEffect ''. (00EFCED0)
06/06/2021 20:07:10 (Std) 	Creating falagard mapping for type 'AlfiskoSkin/HorizontalScrollbarThumb' using base type 'CEGUI/Thumb', window renderer 'Core/Button' Look'N'Feel 'AlfiskoSkin/HorizontalScrollbarThumb' and RenderEffect ''. (00EFCED0)
06/06/2021 20:07:10 (Std) 	Creating falagard mapping for type 'AlfiskoSkin/HorizontalScrollbar' using base type 'CEGUI/Scrollbar', window renderer 'Core/Scrollbar' Look'N'Feel 'AlfiskoSkin/HorizontalScrollbar' and RenderEffect ''. (00EFCED0)
06/06/2021 20:07:10 (Std) 	Creating falagard mapping for type 'AlfiskoSkin/MultiLineEditbox' using base type 'CEGUI/MultiLineEditbox', window renderer 'Core/MultiLineEditbox' Look'N'Feel 'AlfiskoSkin/MultiLineEditbox' and RenderEffect ''. (00EFCED0)
06/06/2021 20:07:10 (Std) 	Creating falagard mapping for type 'AlfiskoSkin/ProgressBar' using base type 'CEGUI/ProgressBar', window renderer 'Core/ProgressBar' Look'N'Feel 'AlfiskoSkin/ProgressBar' and RenderEffect ''. (00EFCED0)
06/06/2021 20:07:10 (Std) 	Creating falagard mapping for type 'AlfiskoSkin/HorizontalSliderThumb' using base type 'CEGUI/Thumb', window renderer 'Core/Button' Look'N'Feel 'AlfiskoSkin/HorizontalSliderThumb' and RenderEffect ''. (00EFCED0)
06/06/2021 20:07:10 (Std) 	Creating falagard mapping for type 'AlfiskoSkin/HorizontalSlider' using base type 'CEGUI/Slider', window renderer 'Core/Slider' Look'N'Feel 'AlfiskoSkin/HorizontalSlider' and RenderEffect ''. (00EFCED0)
06/06/2021 20:07:10 (Std) 	Creating falagard mapping for type 'AlfiskoSkin/VerticalSliderThumb' using base type 'CEGUI/Thumb', window renderer 'Core/Button' Look'N'Feel 'AlfiskoSkin/VerticalSliderThumb' and RenderEffect ''. (00EFCED0)
06/06/2021 20:07:10 (Std) 	Creating falagard mapping for type 'AlfiskoSkin/VerticalSlider' using base type 'CEGUI/Slider', window renderer 'Core/Slider' Look'N'Feel 'AlfiskoSkin/VerticalSlider' and RenderEffect ''. (00EFCED0)
06/06/2021 20:07:10 (Std) 	Creating falagard mapping for type 'AlfiskoSkin/MenuItem' using base type 'CEGUI/MenuItem', window renderer 'Core/MenuItem' Look'N'Feel 'AlfiskoSkin/MenuItem' and RenderEffect ''. (00EFCED0)
06/06/2021 20:07:10 (Std) 	[OpenGLRenderer] Created texture: DejaVuSans-10_auto_glyph_images_32
06/06/2021 20:07:16 (Std) 	Started creation of Scheme from XML specification:
06/06/2021 20:07:16 (Std) 	---- CEGUI GUIScheme name: TaharezLook
06/06/2021 20:07:16 (Std) 	---- Returning existing instance of Scheme named 'TaharezLook'.
06/06/2021 20:07:16 (Std) 	Started creation of Scheme from XML specification:
06/06/2021 20:07:16 (Std) 	---- CEGUI GUIScheme name: AlfiskoSkin
06/06/2021 20:07:16 (Std) 	---- Returning existing instance of Scheme named 'AlfiskoSkin'.
06/06/2021 20:07:16 (Std) 	---- Returning existing instance of Font named 'DejaVuSans-10'.
